#
# A fatal error has been detected by the Java Runtime Environment:
#
#  SIGSEGV (0xb) at pc=0x00007f3e1129ce68, pid=21524, tid=0x00007f3e288d1700
#
# JRE version: Java(TM) SE Runtime Environment (8.0_121-b13) (build 1.8.0_121-b13)
# Java VM: Java HotSpot(TM) 64-Bit Server VM (25.121-b13 mixed mode linux-amd64 compressed oops)
# Problematic frame:
# J 363 C2 round2.LunchTime.restaurantAfterKDays()I (1006 bytes) @ 0x00007f3e1129ce68 [0x00007f3e1129b120+0x1d48]
#
# Failed to write core dump. Core dumps have been disabled. To enable core dumping, try "ulimit -c unlimited" before starting Java again
#
# If you would like to submit a bug report, please visit:
#   http://bugreport.java.com/bugreport/crash.jsp
#

---------------  T H R E A D  ---------------

Current thread (0x00007f3e20009800):  JavaThread "main" [_thread_in_Java, id=21525, stack(0x00007f3e287d1000,0x00007f3e288d2000)]

siginfo: si_signo: 11 (SIGSEGV), si_code: 2 (SEGV_ACCERR), si_addr: 0x00000000e139bcb8

Registers:
RAX=0x00000000a4a5a0a8, RBX=0x00000000e939bcc0, RCX=0x00000000e939bd60, RDX=0x00000000e939bd10
RSP=0x00007f3e288d0850, RBP=0x00000000000000e7, RSI=0x00000000a4a5a0a8, RDI=0x00000000e949ddc8
R8 =0x0000000000749cde, R9 =0x00007f3e24d83000, R10=0x00000000e139bcb0, R11=0x0000000000000000
R12=0x0000000000000000, R13=0x00007f3e1128f7e8, R14=0x00007f3e288d07e0, R15=0x00007f3e20009800
RIP=0x00007f3e1129ce68, EFLAGS=0x0000000000010246, CSGSFS=0x002b000000000033, ERR=0x0000000000000004
  TRAPNO=0x000000000000000e

Top of Stack: (sp=0x00007f3e288d0850)
0x00007f3e288d0850:   0000000100011338 0000000100011570
0x00007f3e288d0860:   00000000a4a5a080 000000818ab60e40
0x00007f3e288d0870:   0000015f942cdc06 412ad4460003cc00
0x00007f3e288d0880:   00000000a4a5a0a8 000000010000da58
0x00007f3e288d0890:   00000001000016d0 00003dce0000c34c
0x00007f3e288d08a0:   e939bc98e139bcb0 0000000100010c90
0x00007f3e288d08b0:   00000000e939bcc0 00000000039f1d62
0x00007f3e288d08c0:   0000000000000058 0000000000000009
0x00007f3e288d08d0:   00000000ed200668 00007f3e1129b140
0x00007f3e288d08e0:   00000000a49b96b8 0000000000000246
0x00007f3e288d08f0:   00000000a49b96b8 00007f3e112a7948
0x00007f3e288d0900:   00000000a49b96a0 0000000100011570
0x00007f3e288d0910:   00000000a49b9740 0000000100060218
0x00007f3e288d0920:   00000000e9d72060 deaddeaf0000c350
0x00007f3e288d0930:   000000000000c350 00000000a49b96b8
0x00007f3e288d0940:   0000000100011338 000000000000000a
0x00007f3e288d0950:   deaddeaf0000c350 0000000000000000
0x00007f3e288d0960:   00000000a49b9740 00000000a49b96b8
0x00007f3e288d0970:   00007f3e288d09f0 00007f3e110004e7
0x00007f3e288d0980:   0000000000000000 00000000e32824f0
0x00007f3e288d0990:   0000000000001fa0 0000000000000000
0x00007f3e288d09a0:   00007f3e20009800 00007f3e288d0a70
0x00007f3e288d09b0:   00007f3e288d0c30 00007f3e288d0a30
0x00007f3e288d09c0:   00007f3e288d0a30 00007f3e288d0d78
0x00007f3e288d09d0:   00007f3e0000000a 00007f3e247de9b8
0x00007f3e288d09e0:   00007f3e110129c0 00007f3e288d0bb8
0x00007f3e288d09f0:   00007f3e288d0b60 00007f3e2737add6
0x00007f3e288d0a00:   00007f3e00000001 00007f3e20009800
0x00007f3e288d0a10:   00007f3e288d0bb0 00007f3e288d0d70
0x00007f3e288d0a20:   00007f3e110129c0 000000000000000a
0x00007f3e288d0a30:   00007f3e20009800 00007f3e2000ade0
0x00007f3e288d0a40:   00007f3e247de9b8 0000000000000000 

Instructions: (pc=0x00007f3e1129ce68)
0x00007f3e1129ce48:   4c 8b 4c 24 60 4d 3b cb 0f 85 63 10 00 00 45 89
0x00007f3e1129ce58:   60 1c 4c 8b 54 24 60 45 89 62 20 44 8b 54 24 50
0x00007f3e1129ce68:   45 8b 5a 08 41 81 fb 67 22 00 20 0f 85 40 22 00
0x00007f3e1129ce78:   00 45 8b 52 0c 44 89 54 24 60 44 8b 54 24 54 45 

Register to memory mapping:

RAX=0x00000000a4a5a0a8 is an oop
java.util.TreeMap 
 - klass: 'java/util/TreeMap'
RBX=0x00000000e939bcc0 is an oop
java.util.TreeMap$Entry 
 - klass: 'java/util/TreeMap$Entry'
RCX=0x00000000e939bd60 is an oop
java.util.TreeMap$Entry 
 - klass: 'java/util/TreeMap$Entry'
RDX=0x00000000e939bd10 is an oop
java.util.TreeMap$Entry 
 - klass: 'java/util/TreeMap$Entry'
RSP=0x00007f3e288d0850 is pointing into the stack for thread: 0x00007f3e20009800
RBP=0x00000000000000e7 is an unknown value
RSI=0x00000000a4a5a0a8 is an oop
java.util.TreeMap 
 - klass: 'java/util/TreeMap'
RDI=0x00000000e949ddc8 is an oop
java.util.TreeMap$Entry 
 - klass: 'java/util/TreeMap$Entry'
R8 =0x0000000000749cde is an unknown value
R9 =0x00007f3e24d83000 is an unknown value
R10=0x00000000e139bcb0 is an unallocated location in the heap
R11=0x0000000000000000 is an unknown value
R12=0x0000000000000000 is an unknown value
R13=0x00007f3e1128f7e8 is at entry_point+1800 in (nmethod*)0x00007f3e1128ef10
R14=0x00007f3e288d07e0 is pointing into the stack for thread: 0x00007f3e20009800
R15=0x00007f3e20009800 is a thread


Stack: [0x00007f3e287d1000,0x00007f3e288d2000],  sp=0x00007f3e288d0850,  free space=1022k
Native frames: (J=compiled Java code, j=interpreted, Vv=VM code, C=native code)
J 363 C2 round2.LunchTime.restaurantAfterKDays()I (1006 bytes) @ 0x00007f3e1129ce68 [0x00007f3e1129b120+0x1d48]
J 371% C2 round2.Problem3.main([Ljava/lang/String;)V (281 bytes) @ 0x00007f3e112a7948 [0x00007f3e112a7720+0x228]
v  ~StubRoutines::call_stub
V  [libjvm.so+0x690dd6]  JavaCalls::call_helper(JavaValue*, methodHandle*, JavaCallArguments*, Thread*)+0x1056
V  [libjvm.so+0x6d21e2]  jni_invoke_static(JNIEnv_*, JavaValue*, _jobject*, JNICallType, _jmethodID*, JNI_ArgumentPusher*, Thread*)+0x362
V  [libjvm.so+0x6eea4a]  jni_CallStaticVoidMethod+0x17a
C  [libjli.so+0x7bdf]  JavaMain+0x81f
C  [libpthread.so.0+0x76da]  start_thread+0xca


---------------  P R O C E S S  ---------------

Java Threads: ( => current thread )
  0x00007f3e200d5000 JavaThread "Service Thread" daemon [_thread_blocked, id=21534, stack(0x00007f3e08e2c000,0x00007f3e08f2d000)]
  0x00007f3e200b8000 JavaThread "C1 CompilerThread1" daemon [_thread_blocked, id=21533, stack(0x00007f3e08f2d000,0x00007f3e0902e000)]
  0x00007f3e200b5800 JavaThread "C2 CompilerThread0" daemon [_thread_blocked, id=21532, stack(0x00007f3e0902e000,0x00007f3e0912f000)]
  0x00007f3e200b1000 JavaThread "Signal Dispatcher" daemon [_thread_blocked, id=21531, stack(0x00007f3e0912f000,0x00007f3e09230000)]
  0x00007f3e2007f800 JavaThread "Finalizer" daemon [_thread_blocked, id=21530, stack(0x00007f3e104f5000,0x00007f3e105f6000)]
  0x00007f3e2007b000 JavaThread "Reference Handler" daemon [_thread_blocked, id=21529, stack(0x00007f3e105f6000,0x00007f3e106f7000)]
=>0x00007f3e20009800 JavaThread "main" [_thread_in_Java, id=21525, stack(0x00007f3e287d1000,0x00007f3e288d2000)]

Other Threads:
  0x00007f3e20073000 VMThread [stack: 0x00007f3e106f7000,0x00007f3e107f8000] [id=21528]
  0x00007f3e200d8000 WatcherThread [stack: 0x00007f3e08d2b000,0x00007f3e08e2c000] [id=21535]

VM state:not at safepoint (normal execution)

VM Mutex/Monitor currently owned by a thread: None

Heap:
 PSYoungGen      total 334336K, used 134207K [0x00000000e1780000, 0x00000000fed00000, 0x0000000100000000)
  eden space 332800K, 39% used [0x00000000e1780000,0x00000000e997fe38,0x00000000f5c80000)
  from space 1536K, 70% used [0x00000000fe580000,0x00000000fe690000,0x00000000fe700000)
  to   space 4096K, 0% used [0x00000000fe900000,0x00000000fe900000,0x00000000fed00000)
 ParOldGen       total 62976K, used 8291K [0x00000000a4600000, 0x00000000a8380000, 0x00000000e1780000)
  object space 62976K, 13% used [0x00000000a4600000,0x00000000a4e18dd0,0x00000000a8380000)
 Metaspace       used 3670K, capacity 4602K, committed 4864K, reserved 1056768K
  class space    used 402K, capacity 426K, committed 512K, reserved 1048576K

Card table byte_map: [0x00007f3e252a6000,0x00007f3e25584000] byte_map_base: 0x00007f3e24d83000

Marking Bits: (ParMarkBitMap*) 0x00007f3e27caec80
 Begin Bits: [0x00007f3e09230000, 0x00007f3e0a918000)
 End Bits:   [0x00007f3e0a918000, 0x00007f3e0c000000)

Polling page: 0x00007f3e288fc000

CodeCache: size=245760Kb used=2689Kb max_used=2703Kb free=243070Kb
 bounds [0x00007f3e11000000, 0x00007f3e112b0000, 0x00007f3e20000000]
 total_blobs=623 nmethods=368 adapters=171
 compilation: enabled

Compilation events (10 events):
Event: 11.606 Thread 0x00007f3e200b8000  374       3       sun.misc.SharedSecrets::getJavaLangAccess (4 bytes)
Event: 11.606 Thread 0x00007f3e200b8000 nmethod 374 0x00007f3e1128e350 code [0x00007f3e1128e4a0, 0x00007f3e1128e5d0]
Event: 11.606 Thread 0x00007f3e200b8000  375       1       java.nio.HeapByteBuffer::isReadOnly (2 bytes)
Event: 11.606 Thread 0x00007f3e200b8000 nmethod 375 0x00007f3e1128e090 code [0x00007f3e1128e1e0, 0x00007f3e1128e2f0]
Event: 11.606 Thread 0x00007f3e200b8000  376       1       java.nio.DirectByteBuffer::isDirect (2 bytes)
Event: 11.606 Thread 0x00007f3e200b8000 nmethod 376 0x00007f3e1128ddd0 code [0x00007f3e1128df20, 0x00007f3e1128e030]
Event: 13.272 Thread 0x00007f3e200b8000  377       3       java.util.TreeMap$Entry::setValue (12 bytes)
Event: 13.272 Thread 0x00007f3e200b8000 nmethod 377 0x00007f3e1128da90 code [0x00007f3e1128dbe0, 0x00007f3e1128dd50]
Event: 18.272 Thread 0x00007f3e200b8000  378       1       java.util.TreeMap$Entry::setValue (12 bytes)
Event: 18.273 Thread 0x00007f3e200b8000 nmethod 378 0x00007f3e1128d7d0 code [0x00007f3e1128d920, 0x00007f3e1128da50]

GC Heap History (10 events):
Event: 28.773 GC heap before
{Heap before GC invocations=17 (full 0):
 PSYoungGen      total 422912K, used 422720K [0x00000000e1780000, 0x00000000ff600000, 0x0000000100000000)
  eden space 421888K, 100% used [0x00000000e1780000,0x00000000fb380000,0x00000000fb380000)
  from space 1024K, 81% used [0x00000000ff500000,0x00000000ff5d0000,0x00000000ff600000)
  to   space 5120K, 0% used [0x00000000fec00000,0x00000000fec00000,0x00000000ff100000)
 ParOldGen       total 62976K, used 8235K [0x00000000a4600000, 0x00000000a8380000, 0x00000000e1780000)
  object space 62976K, 13% used [0x00000000a4600000,0x00000000a4e0add0,0x00000000a8380000)
 Metaspace       used 3670K, capacity 4602K, committed 4864K, reserved 1056768K
  class space    used 402K, capacity 426K, committed 512K, reserved 1048576K
Event: 28.778 GC heap after
Heap after GC invocations=17 (full 0):
 PSYoungGen      total 403456K, used 896K [0x00000000e1780000, 0x00000000ff580000, 0x0000000100000000)
  eden space 402432K, 0% used [0x00000000e1780000,0x00000000e1780000,0x00000000fa080000)
  from space 1024K, 87% used [0x00000000fec00000,0x00000000fece0000,0x00000000fed00000)
  to   space 5120K, 0% used [0x00000000ff080000,0x00000000ff080000,0x00000000ff580000)
 ParOldGen       total 62976K, used 8243K [0x00000000a4600000, 0x00000000a8380000, 0x00000000e1780000)
  object space 62976K, 13% used [0x00000000a4600000,0x00000000a4e0cdd0,0x00000000a8380000)
 Metaspace       used 3670K, capacity 4602K, committed 4864K, reserved 1056768K
  class space    used 402K, capacity 426K, committed 512K, reserved 1048576K
}
Event: 30.972 GC heap before
{Heap before GC invocations=18 (full 0):
 PSYoungGen      total 403456K, used 403328K [0x00000000e1780000, 0x00000000ff580000, 0x0000000100000000)
  eden space 402432K, 100% used [0x00000000e1780000,0x00000000fa080000,0x00000000fa080000)
  from space 1024K, 87% used [0x00000000fec00000,0x00000000fece0000,0x00000000fed00000)
  to   space 5120K, 0% used [0x00000000ff080000,0x00000000ff080000,0x00000000ff580000)
 ParOldGen       total 62976K, used 8243K [0x00000000a4600000, 0x00000000a8380000, 0x00000000e1780000)
  object space 62976K, 13% used [0x00000000a4600000,0x00000000a4e0cdd0,0x00000000a8380000)
 Metaspace       used 3670K, capacity 4602K, committed 4864K, reserved 1056768K
  class space    used 402K, capacity 426K, committed 512K, reserved 1048576K
Event: 30.978 GC heap after
Heap after GC invocations=18 (full 0):
 PSYoungGen      total 384512K, used 928K [0x00000000e1780000, 0x00000000ff180000, 0x0000000100000000)
  eden space 383488K, 0% used [0x00000000e1780000,0x00000000e1780000,0x00000000f8e00000)
  from space 1024K, 90% used [0x00000000ff080000,0x00000000ff168000,0x00000000ff180000)
  to   space 4608K, 0% used [0x00000000fe880000,0x00000000fe880000,0x00000000fed00000)
 ParOldGen       total 62976K, used 8259K [0x00000000a4600000, 0x00000000a8380000, 0x00000000e1780000)
  object space 62976K, 13% used [0x00000000a4600000,0x00000000a4e10dd0,0x00000000a8380000)
 Metaspace       used 3670K, capacity 4602K, committed 4864K, reserved 1056768K
  class space    used 402K, capacity 426K, committed 512K, reserved 1048576K
}
Event: 33.073 GC heap before
{Heap before GC invocations=19 (full 0):
 PSYoungGen      total 384512K, used 384416K [0x00000000e1780000, 0x00000000ff180000, 0x0000000100000000)
  eden space 383488K, 100% used [0x00000000e1780000,0x00000000f8e00000,0x00000000f8e00000)
  from space 1024K, 90% used [0x00000000ff080000,0x00000000ff168000,0x00000000ff180000)
  to   space 4608K, 0% used [0x00000000fe880000,0x00000000fe880000,0x00000000fed00000)
 ParOldGen       total 62976K, used 8259K [0x00000000a4600000, 0x00000000a8380000, 0x00000000e1780000)
  object space 62976K, 13% used [0x00000000a4600000,0x00000000a4e10dd0,0x00000000a8380000)
 Metaspace       used 3670K, capacity 4602K, committed 4864K, reserved 1056768K
  class space    used 402K, capacity 426K, committed 512K, reserved 1048576K
Event: 33.077 GC heap after
Heap after GC invocations=19 (full 0):
 PSYoungGen      total 366592K, used 992K [0x00000000e1780000, 0x00000000ff100000, 0x0000000100000000)
  eden space 365568K, 0% used [0x00000000e1780000,0x00000000e1780000,0x00000000f7c80000)
  from space 1024K, 96% used [0x00000000fe880000,0x00000000fe978000,0x00000000fe980000)
  to   space 4608K, 0% used [0x00000000fec80000,0x00000000fec80000,0x00000000ff100000)
 ParOldGen       total 62976K, used 8267K [0x00000000a4600000, 0x00000000a8380000, 0x00000000e1780000)
  object space 62976K, 13% used [0x00000000a4600000,0x00000000a4e12dd0,0x00000000a8380000)
 Metaspace       used 3670K, capacity 4602K, committed 4864K, reserved 1056768K
  class space    used 402K, capacity 426K, committed 512K, reserved 1048576K
}
Event: 35.052 GC heap before
{Heap before GC invocations=20 (full 0):
 PSYoungGen      total 366592K, used 366560K [0x00000000e1780000, 0x00000000ff100000, 0x0000000100000000)
  eden space 365568K, 100% used [0x00000000e1780000,0x00000000f7c80000,0x00000000f7c80000)
  from space 1024K, 96% used [0x00000000fe880000,0x00000000fe978000,0x00000000fe980000)
  to   space 4608K, 0% used [0x00000000fec80000,0x00000000fec80000,0x00000000ff100000)
 ParOldGen       total 62976K, used 8267K [0x00000000a4600000, 0x00000000a8380000, 0x00000000e1780000)
  object space 62976K, 13% used [0x00000000a4600000,0x00000000a4e12dd0,0x00000000a8380000)
 Metaspace       used 3670K, capacity 4602K, committed 4864K, reserved 1056768K
  class space    used 402K, capacity 426K, committed 512K, reserved 1048576K
Event: 35.056 GC heap after
Heap after GC invocations=20 (full 0):
 PSYoungGen      total 349696K, used 1024K [0x00000000e1780000, 0x00000000fed80000, 0x0000000100000000)
  eden space 348672K, 0% used [0x00000000e1780000,0x00000000e1780000,0x00000000f6c00000)
  from space 1024K, 100% used [0x00000000fec80000,0x00000000fed80000,0x00000000fed80000)
  to   space 4096K, 0% used [0x00000000fe580000,0x00000000fe580000,0x00000000fe980000)
 ParOldGen       total 62976K, used 8283K [0x00000000a4600000, 0x00000000a8380000, 0x00000000e1780000)
  object space 62976K, 13% used [0x00000000a4600000,0x00000000a4e16dd0,0x00000000a8380000)
 Metaspace       used 3670K, capacity 4602K, committed 4864K, reserved 1056768K
  class space    used 402K, capacity 426K, committed 512K, reserved 1048576K
}
Event: 36.919 GC heap before
{Heap before GC invocations=21 (full 0):
 PSYoungGen      total 349696K, used 349696K [0x00000000e1780000, 0x00000000fed80000, 0x0000000100000000)
  eden space 348672K, 100% used [0x00000000e1780000,0x00000000f6c00000,0x00000000f6c00000)
  from space 1024K, 100% used [0x00000000fec80000,0x00000000fed80000,0x00000000fed80000)
  to   space 4096K, 0% used [0x00000000fe580000,0x00000000fe580000,0x00000000fe980000)
 ParOldGen       total 62976K, used 8283K [0x00000000a4600000, 0x00000000a8380000, 0x00000000e1780000)
  object space 62976K, 13% used [0x00000000a4600000,0x00000000a4e16dd0,0x00000000a8380000)
 Metaspace       used 3670K, capacity 4602K, committed 4864K, reserved 1056768K
  class space    used 402K, capacity 426K, committed 512K, reserved 1048576K
Event: 36.924 GC heap after
Heap after GC invocations=21 (full 0):
 PSYoungGen      total 334336K, used 1088K [0x00000000e1780000, 0x00000000fed00000, 0x0000000100000000)
  eden space 332800K, 0% used [0x00000000e1780000,0x00000000e1780000,0x00000000f5c80000)
  from space 1536K, 70% used [0x00000000fe580000,0x00000000fe690000,0x00000000fe700000)
  to   space 4096K, 0% used [0x00000000fe900000,0x00000000fe900000,0x00000000fed00000)
 ParOldGen       total 62976K, used 8291K [0x00000000a4600000, 0x00000000a8380000, 0x00000000e1780000)
  object space 62976K, 13% used [0x00000000a4600000,0x00000000a4e18dd0,0x00000000a8380000)
 Metaspace       used 3670K, capacity 4602K, committed 4864K, reserved 1056768K
  class space    used 402K, capacity 426K, committed 512K, reserved 1048576K
}

Deoptimization events (10 events):
Event: 8.924 Thread 0x00007f3e20009800 Uncommon trap: reason=unstable_if action=reinterpret pc=0x00007f3e111b9178 method=java.util.TreeMap.put(Ljava/lang/Object;Ljava/lang/Object;)Ljava/lang/Object; @ 163
Event: 8.924 Thread 0x00007f3e20009800 Uncommon trap: reason=unstable_if action=reinterpret pc=0x00007f3e111ba9f8 method=java.util.TreeMap.rotateLeft(Ljava/util/TreeMap$Entry;)V @ 44
Event: 8.942 Thread 0x00007f3e20009800 Uncommon trap: reason=unstable_if action=reinterpret pc=0x00007f3e1120615c method=java.util.TreeMap.deleteEntry(Ljava/util/TreeMap$Entry;)V @ 207
Event: 8.942 Thread 0x00007f3e20009800 Uncommon trap: reason=unstable_if action=reinterpret pc=0x00007f3e11207664 method=java.util.TreeMap.fixAfterDeletion(Ljava/util/TreeMap$Entry;)V @ 24
Event: 9.036 Thread 0x00007f3e20009800 Uncommon trap: reason=unstable_if action=reinterpret pc=0x00007f3e1123c7e0 method=java.util.TreeMap.rotateRight(Ljava/util/TreeMap$Entry;)V @ 44
Event: 9.056 Thread 0x00007f3e20009800 Uncommon trap: reason=unstable_if action=reinterpret pc=0x00007f3e111a9678 method=java.util.TreeMap.rotateRight(Ljava/util/TreeMap$Entry;)V @ 44
Event: 9.071 Thread 0x00007f3e20009800 Uncommon trap: reason=unstable_if action=reinterpret pc=0x00007f3e1121a11c method=java.util.TreeMap.rotateRight(Ljava/util/TreeMap$Entry;)V @ 44
Event: 9.078 Thread 0x00007f3e20009800 Uncommon trap: reason=unstable_if action=reinterpret pc=0x00007f3e111a9cb0 method=java.util.Scanner.nextInt(I)I @ 4
Event: 9.095 Thread 0x00007f3e20009800 Uncommon trap: reason=unstable_if action=reinterpret pc=0x00007f3e11266c2c method=round2.LunchTime.restaurantAfterKDays()I @ 792
Event: 9.186 Thread 0x00007f3e20009800 Uncommon trap: reason=unstable_if action=reinterpret pc=0x00007f3e1120cc1c method=round2.LunchTime.restaurantAfterKDays()I @ 198

Internal exceptions (10 events):
Event: 0.115 Thread 0x00007f3e20009800 Exception <a 'java/security/PrivilegedActionException'> (0x00000000e187c8e8) thrown at [/HUDSON3/workspace/8-2-build-linux-amd64/jdk8u121/8372/hotspot/src/share/vm/prims/jvm.cpp, line 1390]
Event: 0.115 Thread 0x00007f3e20009800 Exception <a 'java/security/PrivilegedActionException'> (0x00000000e187cce0) thrown at [/HUDSON3/workspace/8-2-build-linux-amd64/jdk8u121/8372/hotspot/src/share/vm/prims/jvm.cpp, line 1390]
Event: 0.116 Thread 0x00007f3e20009800 Exception <a 'java/security/PrivilegedActionException'> (0x00000000e187f330) thrown at [/HUDSON3/workspace/8-2-build-linux-amd64/jdk8u121/8372/hotspot/src/share/vm/prims/jvm.cpp, line 1390]
Event: 0.116 Thread 0x00007f3e20009800 Exception <a 'java/security/PrivilegedActionException'> (0x00000000e187f728) thrown at [/HUDSON3/workspace/8-2-build-linux-amd64/jdk8u121/8372/hotspot/src/share/vm/prims/jvm.cpp, line 1390]
Event: 2.878 Thread 0x00007f3e20009800 Implicit null exception at 0x00007f3e111e0bd0 to 0x00007f3e111e0cc5
Event: 8.924 Thread 0x00007f3e20009800 Implicit null exception at 0x00007f3e111ba95d to 0x00007f3e111ba9dd
Event: 9.036 Thread 0x00007f3e20009800 Implicit null exception at 0x00007f3e1123c233 to 0x00007f3e1123c7c1
Event: 9.056 Thread 0x00007f3e20009800 Implicit null exception at 0x00007f3e111a95dd to 0x00007f3e111a965d
Event: 9.071 Thread 0x00007f3e20009800 Implicit null exception at 0x00007f3e11219c3f to 0x00007f3e1121a0f9
Event: 9.078 Thread 0x00007f3e20009800 Implicit null exception at 0x00007f3e111a9c10 to 0x00007f3e111a9c99

Events (10 events):
Event: 28.773 Executing VM operation: ParallelGCFailedAllocation
Event: 28.778 Executing VM operation: ParallelGCFailedAllocation done
Event: 30.972 Executing VM operation: ParallelGCFailedAllocation
Event: 30.978 Executing VM operation: ParallelGCFailedAllocation done
Event: 33.073 Executing VM operation: ParallelGCFailedAllocation
Event: 33.077 Executing VM operation: ParallelGCFailedAllocation done
Event: 35.052 Executing VM operation: ParallelGCFailedAllocation
Event: 35.056 Executing VM operation: ParallelGCFailedAllocation done
Event: 36.918 Executing VM operation: ParallelGCFailedAllocation
Event: 36.924 Executing VM operation: ParallelGCFailedAllocation done


Dynamic libraries:
00400000-00401000 r-xp 00000000 08:01 2761294                            /usr/lib/jvm/java-8-oracle/jre/bin/java
00600000-00601000 rw-p 00000000 08:01 2761294                            /usr/lib/jvm/java-8-oracle/jre/bin/java
00a49000-00a6a000 rw-p 00000000 00:00 0                                  [heap]
a4600000-a8380000 rw-p 00000000 00:00 0 
a8380000-e1780000 ---p 00000000 00:00 0 
e1780000-fed00000 rw-p 00000000 00:00 0 
fed00000-100000000 ---p 00000000 00:00 0 
100000000-100080000 rw-p 00000000 00:00 0 
100080000-140000000 ---p 00000000 00:00 0 
7f3de0000000-7f3de0021000 rw-p 00000000 00:00 0 
7f3de0021000-7f3de4000000 ---p 00000000 00:00 0 
7f3de4fff000-7f3de8000000 rw-p 00000000 00:00 0 
7f3de8000000-7f3de849a000 rw-p 00000000 00:00 0 
7f3de849a000-7f3dec000000 ---p 00000000 00:00 0 
7f3dec000000-7f3dec021000 rw-p 00000000 00:00 0 
7f3dec021000-7f3df0000000 ---p 00000000 00:00 0 
7f3df0000000-7f3df0021000 rw-p 00000000 00:00 0 
7f3df0021000-7f3df4000000 ---p 00000000 00:00 0 
7f3df4000000-7f3df4a59000 rw-p 00000000 00:00 0 
7f3df4a59000-7f3df8000000 ---p 00000000 00:00 0 
7f3df8000000-7f3df8021000 rw-p 00000000 00:00 0 
7f3df8021000-7f3dfc000000 ---p 00000000 00:00 0 
7f3dfc000000-7f3dfc021000 rw-p 00000000 00:00 0 
7f3dfc021000-7f3e00000000 ---p 00000000 00:00 0 
7f3e00000000-7f3e00021000 rw-p 00000000 00:00 0 
7f3e00021000-7f3e04000000 ---p 00000000 00:00 0 
7f3e04000000-7f3e04021000 rw-p 00000000 00:00 0 
7f3e04021000-7f3e08000000 ---p 00000000 00:00 0 
7f3e0867c000-7f3e08903000 rw-p 00000000 00:00 0 
7f3e08903000-7f3e08914000 r-xp 00000000 08:01 2623052                    /usr/lib/jvm/java-8-oracle/jre/lib/amd64/libnio.so
7f3e08914000-7f3e08b13000 ---p 00011000 08:01 2623052                    /usr/lib/jvm/java-8-oracle/jre/lib/amd64/libnio.so
7f3e08b13000-7f3e08b14000 rw-p 00010000 08:01 2623052                    /usr/lib/jvm/java-8-oracle/jre/lib/amd64/libnio.so
7f3e08b14000-7f3e08b2a000 r-xp 00000000 08:01 2622490                    /usr/lib/jvm/java-8-oracle/jre/lib/amd64/libnet.so
7f3e08b2a000-7f3e08d2a000 ---p 00016000 08:01 2622490                    /usr/lib/jvm/java-8-oracle/jre/lib/amd64/libnet.so
7f3e08d2a000-7f3e08d2b000 rw-p 00016000 08:01 2622490                    /usr/lib/jvm/java-8-oracle/jre/lib/amd64/libnet.so
7f3e08d2b000-7f3e08d2c000 ---p 00000000 00:00 0 
7f3e08d2c000-7f3e08e2c000 rw-p 00000000 00:00 0 
7f3e08e2c000-7f3e08e2f000 ---p 00000000 00:00 0 
7f3e08e2f000-7f3e08f2d000 rw-p 00000000 00:00 0 
7f3e08f2d000-7f3e08f30000 ---p 00000000 00:00 0 
7f3e08f30000-7f3e0902e000 rw-p 00000000 00:00 0 
7f3e0902e000-7f3e09031000 ---p 00000000 00:00 0 
7f3e09031000-7f3e0912f000 rw-p 00000000 00:00 0 
7f3e0912f000-7f3e09132000 ---p 00000000 00:00 0 
7f3e09132000-7f3e0c000000 rw-p 00000000 00:00 0 
7f3e0c000000-7f3e0c021000 rw-p 00000000 00:00 0 
7f3e0c021000-7f3e10000000 ---p 00000000 00:00 0 
7f3e10064000-7f3e104f5000 r--p 00000000 08:01 2231599                    /usr/lib/locale/locale-archive
7f3e104f5000-7f3e104f8000 ---p 00000000 00:00 0 
7f3e104f8000-7f3e105f6000 rw-p 00000000 00:00 0 
7f3e105f6000-7f3e105f9000 ---p 00000000 00:00 0 
7f3e105f9000-7f3e106f7000 rw-p 00000000 00:00 0 
7f3e106f7000-7f3e106f8000 ---p 00000000 00:00 0 
7f3e106f8000-7f3e11000000 rw-p 00000000 00:00 0 
7f3e11000000-7f3e112b0000 rwxp 00000000 00:00 0 
7f3e112b0000-7f3e20000000 ---p 00000000 00:00 0 
7f3e20000000-7f3e20141000 rw-p 00000000 00:00 0 
7f3e20141000-7f3e24000000 ---p 00000000 00:00 0 
7f3e2401e000-7f3e2418f000 rw-p 00000000 00:00 0 
7f3e2418f000-7f3e24368000 r--s 03d3e000 08:01 2499134                    /usr/lib/jvm/java-8-oracle/jre/lib/rt.jar
7f3e24368000-7f3e2481e000 rw-p 00000000 00:00 0 
7f3e2481e000-7f3e24bde000 ---p 00000000 00:00 0 
7f3e24bde000-7f3e24ebb000 rw-p 00000000 00:00 0 
7f3e24ebb000-7f3e24ebc000 ---p 00000000 00:00 0 
7f3e24ebc000-7f3e24fbc000 rw-p 00000000 00:00 0 
7f3e24fbc000-7f3e24fbd000 ---p 00000000 00:00 0 
7f3e24fbd000-7f3e250dc000 rw-p 00000000 00:00 0 
7f3e250dc000-7f3e252a6000 ---p 00000000 00:00 0 
7f3e252a6000-7f3e252c5000 rw-p 00000000 00:00 0 
7f3e252c5000-7f3e2548e000 ---p 00000000 00:00 0 
7f3e2548e000-7f3e2557a000 rw-p 00000000 00:00 0 
7f3e2557a000-7f3e25583000 ---p 00000000 00:00 0 
7f3e25583000-7f3e2558f000 rw-p 00000000 00:00 0 
7f3e2558f000-7f3e25944000 ---p 00000000 00:00 0 
7f3e25944000-7f3e2595e000 r-xp 00000000 08:01 2622993                    /usr/lib/jvm/java-8-oracle/jre/lib/amd64/libzip.so
7f3e2595e000-7f3e25b5e000 ---p 0001a000 08:01 2622993                    /usr/lib/jvm/java-8-oracle/jre/lib/amd64/libzip.so
7f3e25b5e000-7f3e25b5f000 rw-p 0001a000 08:01 2622993                    /usr/lib/jvm/java-8-oracle/jre/lib/amd64/libzip.so
7f3e25b5f000-7f3e25b6a000 r-xp 00000000 08:01 3674486                    /lib/x86_64-linux-gnu/libnss_files-2.24.so
7f3e25b6a000-7f3e25d69000 ---p 0000b000 08:01 3674486                    /lib/x86_64-linux-gnu/libnss_files-2.24.so
7f3e25d69000-7f3e25d6a000 r--p 0000a000 08:01 3674486                    /lib/x86_64-linux-gnu/libnss_files-2.24.so
7f3e25d6a000-7f3e25d6b000 rw-p 0000b000 08:01 3674486                    /lib/x86_64-linux-gnu/libnss_files-2.24.so
7f3e25d6b000-7f3e25d71000 rw-p 00000000 00:00 0 
7f3e25d71000-7f3e25d7c000 r-xp 00000000 08:01 3674542                    /lib/x86_64-linux-gnu/libnss_nis-2.24.so
7f3e25d7c000-7f3e25f7b000 ---p 0000b000 08:01 3674542                    /lib/x86_64-linux-gnu/libnss_nis-2.24.so
7f3e25f7b000-7f3e25f7c000 r--p 0000a000 08:01 3674542                    /lib/x86_64-linux-gnu/libnss_nis-2.24.so
7f3e25f7c000-7f3e25f7d000 rw-p 0000b000 08:01 3674542                    /lib/x86_64-linux-gnu/libnss_nis-2.24.so
7f3e25f7d000-7f3e25f93000 r-xp 00000000 08:01 3674479                    /lib/x86_64-linux-gnu/libnsl-2.24.so
7f3e25f93000-7f3e26192000 ---p 00016000 08:01 3674479                    /lib/x86_64-linux-gnu/libnsl-2.24.so
7f3e26192000-7f3e26193000 r--p 00015000 08:01 3674479                    /lib/x86_64-linux-gnu/libnsl-2.24.so
7f3e26193000-7f3e26194000 rw-p 00016000 08:01 3674479                    /lib/x86_64-linux-gnu/libnsl-2.24.so
7f3e26194000-7f3e26196000 rw-p 00000000 00:00 0 
7f3e26196000-7f3e2619e000 r-xp 00000000 08:01 3674483                    /lib/x86_64-linux-gnu/libnss_compat-2.24.so
7f3e2619e000-7f3e2639d000 ---p 00008000 08:01 3674483                    /lib/x86_64-linux-gnu/libnss_compat-2.24.so
7f3e2639d000-7f3e2639e000 r--p 00007000 08:01 3674483                    /lib/x86_64-linux-gnu/libnss_compat-2.24.so
7f3e2639e000-7f3e2639f000 rw-p 00008000 08:01 3674483                    /lib/x86_64-linux-gnu/libnss_compat-2.24.so
7f3e2639f000-7f3e263ca000 r-xp 00000000 08:01 2624001                    /usr/lib/jvm/java-8-oracle/jre/lib/amd64/libjava.so
7f3e263ca000-7f3e265c9000 ---p 0002b000 08:01 2624001                    /usr/lib/jvm/java-8-oracle/jre/lib/amd64/libjava.so
7f3e265c9000-7f3e265cb000 rw-p 0002a000 08:01 2624001                    /usr/lib/jvm/java-8-oracle/jre/lib/amd64/libjava.so
7f3e265cb000-7f3e265d8000 r-xp 00000000 08:01 2622491                    /usr/lib/jvm/java-8-oracle/jre/lib/amd64/libverify.so
7f3e265d8000-7f3e267d7000 ---p 0000d000 08:01 2622491                    /usr/lib/jvm/java-8-oracle/jre/lib/amd64/libverify.so
7f3e267d7000-7f3e267d9000 rw-p 0000c000 08:01 2622491                    /usr/lib/jvm/java-8-oracle/jre/lib/amd64/libverify.so
7f3e267d9000-7f3e267e0000 r-xp 00000000 08:01 3674577                    /lib/x86_64-linux-gnu/librt-2.24.so
7f3e267e0000-7f3e269df000 ---p 00007000 08:01 3674577                    /lib/x86_64-linux-gnu/librt-2.24.so
7f3e269df000-7f3e269e0000 r--p 00006000 08:01 3674577                    /lib/x86_64-linux-gnu/librt-2.24.so
7f3e269e0000-7f3e269e1000 rw-p 00007000 08:01 3674577                    /lib/x86_64-linux-gnu/librt-2.24.so
7f3e269e1000-7f3e26ae9000 r-xp 00000000 08:01 3670113                    /lib/x86_64-linux-gnu/libm-2.24.so
7f3e26ae9000-7f3e26ce8000 ---p 00108000 08:01 3670113                    /lib/x86_64-linux-gnu/libm-2.24.so
7f3e26ce8000-7f3e26ce9000 r--p 00107000 08:01 3670113                    /lib/x86_64-linux-gnu/libm-2.24.so
7f3e26ce9000-7f3e26cea000 rw-p 00108000 08:01 3670113                    /lib/x86_64-linux-gnu/libm-2.24.so
7f3e26cea000-7f3e279b8000 r-xp 00000000 08:01 2624005                    /usr/lib/jvm/java-8-oracle/jre/lib/amd64/server/libjvm.so
7f3e279b8000-7f3e27bb8000 ---p 00cce000 08:01 2624005                    /usr/lib/jvm/java-8-oracle/jre/lib/amd64/server/libjvm.so
7f3e27bb8000-7f3e27c91000 rw-p 00cce000 08:01 2624005                    /usr/lib/jvm/java-8-oracle/jre/lib/amd64/server/libjvm.so
7f3e27c91000-7f3e27cdc000 rw-p 00000000 00:00 0 
7f3e27cdc000-7f3e27e9a000 r-xp 00000000 08:01 3670105                    /lib/x86_64-linux-gnu/libc-2.24.so
7f3e27e9a000-7f3e28099000 ---p 001be000 08:01 3670105                    /lib/x86_64-linux-gnu/libc-2.24.so
7f3e28099000-7f3e2809d000 r--p 001bd000 08:01 3670105                    /lib/x86_64-linux-gnu/libc-2.24.so
7f3e2809d000-7f3e2809f000 rw-p 001c1000 08:01 3670105                    /lib/x86_64-linux-gnu/libc-2.24.so
7f3e2809f000-7f3e280a3000 rw-p 00000000 00:00 0 
7f3e280a3000-7f3e280a6000 r-xp 00000000 08:01 3670112                    /lib/x86_64-linux-gnu/libdl-2.24.so
7f3e280a6000-7f3e282a5000 ---p 00003000 08:01 3670112                    /lib/x86_64-linux-gnu/libdl-2.24.so
7f3e282a5000-7f3e282a6000 r--p 00002000 08:01 3670112                    /lib/x86_64-linux-gnu/libdl-2.24.so
7f3e282a6000-7f3e282a7000 rw-p 00003000 08:01 3670112                    /lib/x86_64-linux-gnu/libdl-2.24.so
7f3e282a7000-7f3e282bc000 r-xp 00000000 08:01 2623247                    /usr/lib/jvm/java-8-oracle/jre/lib/amd64/jli/libjli.so
7f3e282bc000-7f3e284bc000 ---p 00015000 08:01 2623247                    /usr/lib/jvm/java-8-oracle/jre/lib/amd64/jli/libjli.so
7f3e284bc000-7f3e284bd000 rw-p 00015000 08:01 2623247                    /usr/lib/jvm/java-8-oracle/jre/lib/amd64/jli/libjli.so
7f3e284bd000-7f3e284d5000 r-xp 00000000 08:01 3674562                    /lib/x86_64-linux-gnu/libpthread-2.24.so
7f3e284d5000-7f3e286d5000 ---p 00018000 08:01 3674562                    /lib/x86_64-linux-gnu/libpthread-2.24.so
7f3e286d5000-7f3e286d6000 r--p 00018000 08:01 3674562                    /lib/x86_64-linux-gnu/libpthread-2.24.so
7f3e286d6000-7f3e286d7000 rw-p 00019000 08:01 3674562                    /lib/x86_64-linux-gnu/libpthread-2.24.so
7f3e286d7000-7f3e286db000 rw-p 00000000 00:00 0 
7f3e286db000-7f3e28701000 r-xp 00000000 08:01 3670034                    /lib/x86_64-linux-gnu/ld-2.24.so
7f3e2870c000-7f3e287d1000 rw-p 00000000 00:00 0 
7f3e287d1000-7f3e287d4000 ---p 00000000 00:00 0 
7f3e287d4000-7f3e288d4000 rw-p 00000000 00:00 0 
7f3e288d6000-7f3e288f3000 rw-p 00000000 00:00 0 
7f3e288f3000-7f3e288fb000 rw-s 00000000 08:01 14418820                   /tmp/hsperfdata_westmount/21524
7f3e288fb000-7f3e288fc000 rw-p 00000000 00:00 0 
7f3e288fc000-7f3e288fd000 r--p 00000000 00:00 0 
7f3e288fd000-7f3e28900000 rw-p 00000000 00:00 0 
7f3e28900000-7f3e28901000 r--p 00025000 08:01 3670034                    /lib/x86_64-linux-gnu/ld-2.24.so
7f3e28901000-7f3e28902000 rw-p 00026000 08:01 3670034                    /lib/x86_64-linux-gnu/ld-2.24.so
7f3e28902000-7f3e28903000 rw-p 00000000 00:00 0 
7ffe1e934000-7ffe1e955000 rw-p 00000000 00:00 0                          [stack]
7ffe1e960000-7ffe1e962000 r--p 00000000 00:00 0                          [vvar]
7ffe1e962000-7ffe1e964000 r-xp 00000000 00:00 0                          [vdso]
ffffffffff600000-ffffffffff601000 r-xp 00000000 00:00 0                  [vsyscall]

VM Arguments:
java_command: round2.Problem3 DATA31.txt
java_class_path (initial): /home/westmount/workspace/ecoo2017/
Launcher Type: SUN_STANDARD

Environment Variables:
JAVA_HOME=/usr/lib/jvm/java-8-oracle
PATH=/home/westmount/bin:/home/westmount/.local/bin:/usr/local/sbin:/usr/local/bin:/usr/sbin:/usr/bin:/sbin:/bin:/usr/games:/usr/local/games:/snap/bin:/usr/lib/jvm/java-8-oracle/bin:/usr/lib/jvm/java-8-oracle/db/bin:/usr/lib/jvm/java-8-oracle/jre/bin
SHELL=/bin/bash
DISPLAY=:0

Signal Handlers:
SIGSEGV: [libjvm.so+0xac78c0], sa_mask[0]=11111111011111111101111111111110, sa_flags=SA_RESTART|SA_SIGINFO
SIGBUS: [libjvm.so+0xac78c0], sa_mask[0]=11111111011111111101111111111110, sa_flags=SA_RESTART|SA_SIGINFO
SIGFPE: [libjvm.so+0x920ac0], sa_mask[0]=11111111011111111101111111111110, sa_flags=SA_RESTART|SA_SIGINFO
SIGPIPE: [libjvm.so+0x920ac0], sa_mask[0]=11111111011111111101111111111110, sa_flags=SA_RESTART|SA_SIGINFO
SIGXFSZ: [libjvm.so+0x920ac0], sa_mask[0]=11111111011111111101111111111110, sa_flags=SA_RESTART|SA_SIGINFO
SIGILL: [libjvm.so+0x920ac0], sa_mask[0]=11111111011111111101111111111110, sa_flags=SA_RESTART|SA_SIGINFO
SIGUSR1: SIG_DFL, sa_mask[0]=00000000000000000000000000000000, sa_flags=none
SIGUSR2: [libjvm.so+0x922300], sa_mask[0]=00000000000000000000000000000000, sa_flags=SA_RESTART|SA_SIGINFO
SIGHUP: [libjvm.so+0x923700], sa_mask[0]=11111111011111111101111111111110, sa_flags=SA_RESTART|SA_SIGINFO
SIGINT: [libjvm.so+0x923700], sa_mask[0]=11111111011111111101111111111110, sa_flags=SA_RESTART|SA_SIGINFO
SIGTERM: [libjvm.so+0x923700], sa_mask[0]=11111111011111111101111111111110, sa_flags=SA_RESTART|SA_SIGINFO
SIGQUIT: [libjvm.so+0x923700], sa_mask[0]=11111111011111111101111111111110, sa_flags=SA_RESTART|SA_SIGINFO


---------------  S Y S T E M  ---------------

OS:DISTRIB_ID=Ubuntu
DISTRIB_RELEASE=17.04
DISTRIB_CODENAME=zesty
DISTRIB_DESCRIPTION="Ubuntu 17.04"

uname:Linux 4.10.0-38-generic #42-Ubuntu SMP Tue Oct 10 13:24:27 UTC 2017 x86_64
libc:glibc 2.24 NPTL 2.24 
rlimit: STACK 8192k, CORE 0k, NPROC 23257, NOFILE 1048576, AS infinity
load average:0.95 0.54 0.36

/proc/meminfo:
MemTotal:        6000756 kB
MemFree:          162404 kB
MemAvailable:    1682104 kB
Buffers:          292620 kB
Cached:          1526956 kB
SwapCached:            0 kB
Active:          4493932 kB
Inactive:        1018848 kB
Active(anon):    3330100 kB
Inactive(anon):   556776 kB
Active(file):    1163832 kB
Inactive(file):   462072 kB
Unevictable:         104 kB
Mlocked:             104 kB
SwapTotal:       6181884 kB
SwapFree:        6181884 kB
Dirty:                76 kB
Writeback:             0 kB
AnonPages:       3591328 kB
Mapped:           600144 kB
Shmem:            193676 kB
Slab:             228724 kB
SReclaimable:     191284 kB
SUnreclaim:        37440 kB
KernelStack:       10720 kB
PageTables:        43268 kB
NFS_Unstable:          0 kB
Bounce:                0 kB
WritebackTmp:          0 kB
CommitLimit:     9182260 kB
Committed_AS:    8040596 kB
VmallocTotal:   34359738367 kB
VmallocUsed:           0 kB
VmallocChunk:          0 kB
HardwareCorrupted:     0 kB
AnonHugePages:   1810432 kB
ShmemHugePages:        0 kB
ShmemPmdMapped:        0 kB
CmaTotal:              0 kB
CmaFree:               0 kB
HugePages_Total:       0
HugePages_Free:        0
HugePages_Rsvd:        0
HugePages_Surp:        0
Hugepagesize:       2048 kB
DirectMap4k:      164260 kB
DirectMap2M:     6019072 kB


CPU:total 2 (2 cores per cpu, 1 threads per core) family 6 model 23 stepping 10, cmov, cx8, fxsr, mmx, sse, sse2, sse3, ssse3, sse4.1, tsc

/proc/cpuinfo:
processor	: 0
vendor_id	: GenuineIntel
cpu family	: 6
model		: 23
model name	: Intel(R) Core(TM)2 Duo CPU     P8600  @ 2.40GHz
stepping	: 10
microcode	: 0xa0b
cpu MHz		: 2401.000
cache size	: 3072 KB
physical id	: 0
siblings	: 2
core id		: 0
cpu cores	: 2
apicid		: 0
initial apicid	: 0
fpu		: yes
fpu_exception	: yes
cpuid level	: 13
wp		: yes
flags		: fpu vme de pse tsc msr pae mce cx8 apic sep mtrr pge mca cmov pat pse36 clflush dts acpi mmx fxsr sse sse2 ss ht tm pbe syscall nx lm constant_tsc arch_perfmon pebs bts nopl aperfmperf pni dtes64 monitor ds_cpl vmx smx est tm2 ssse3 cx16 xtpr pdcm sse4_1 xsave lahf_lm tpr_shadow vnmi flexpriority dtherm ida
bugs		:
bogomips	: 4788.17
clflush size	: 64
cache_alignment	: 64
address sizes	: 36 bits physical, 48 bits virtual
power management:

processor	: 1
vendor_id	: GenuineIntel
cpu family	: 6
model		: 23
model name	: Intel(R) Core(TM)2 Duo CPU     P8600  @ 2.40GHz
stepping	: 10
microcode	: 0xa0b
cpu MHz		: 800.000
cache size	: 3072 KB
physical id	: 0
siblings	: 2
core id		: 1
cpu cores	: 2
apicid		: 1
initial apicid	: 1
fpu		: yes
fpu_exception	: yes
cpuid level	: 13
wp		: yes
flags		: fpu vme de pse tsc msr pae mce cx8 apic sep mtrr pge mca cmov pat pse36 clflush dts acpi mmx fxsr sse sse2 ss ht tm pbe syscall nx lm constant_tsc arch_perfmon pebs bts nopl aperfmperf pni dtes64 monitor ds_cpl vmx smx est tm2 ssse3 cx16 xtpr pdcm sse4_1 xsave lahf_lm tpr_shadow vnmi flexpriority dtherm ida
bugs		:
bogomips	: 4788.17
clflush size	: 64
cache_alignment	: 64
address sizes	: 36 bits physical, 48 bits virtual
power management:



Memory: 4k page, physical 6000756k(162404k free), swap 6181884k(6181884k free)

vm_info: Java HotSpot(TM) 64-Bit Server VM (25.121-b13) for linux-amd64 JRE (1.8.0_121-b13), built on Dec 12 2016 16:36:53 by "java_re" with gcc 4.3.0 20080428 (Red Hat 4.3.0-8)

time: Mon Nov  6 20:51:54 2017
elapsed time: 37 seconds (0d 0h 0m 37s)

