#
# A fatal error has been detected by the Java Runtime Environment:
#
#  SIGSEGV (0xb) at pc=0x00007f5edd1c0733, pid=22490, tid=0x00007f5ef5116700
#
# JRE version: Java(TM) SE Runtime Environment (8.0_121-b13) (build 1.8.0_121-b13)
# Java VM: Java HotSpot(TM) 64-Bit Server VM (25.121-b13 mixed mode linux-amd64 compressed oops)
# Problematic frame:
# J 280 C2 java.util.TreeMap.rotateLeft(Ljava/util/TreeMap$Entry;)V (96 bytes) @ 0x00007f5edd1c0733 [0x00007f5edd1c06e0+0x53]
#
# Failed to write core dump. Core dumps have been disabled. To enable core dumping, try "ulimit -c unlimited" before starting Java again
#
# If you would like to submit a bug report, please visit:
#   http://bugreport.java.com/bugreport/crash.jsp
#

---------------  T H R E A D  ---------------

Current thread (0x00007f5eec009800):  JavaThread "main" [_thread_in_Java, id=22491, stack(0x00007f5ef5016000,0x00007f5ef5117000)]

siginfo: si_signo: 11 (SIGSEGV), si_code: 1 (SEGV_MAPERR), si_addr: 0x0000000000000025

Registers:
RAX=0x00000000ef4c9bf8, RBX=0x0000000000000005, RCX=0x00000000ef4c9d38, RDX=0x00000000ef4c9d38
RSP=0x00007f5ef51157c0, RBP=0x00000000ef4c9ab8, RSI=0x00000000a47c8158, RDI=0x00007f5ef15c8000
R8 =0x00000000e74c9c98, R9 =0x00000000ef4c9dd8, R10=0x00000000a47c8158, R11=0x000000000077a64e
R12=0x0000000000000000, R13=0x00007f5edd1511e8, R14=0x00007f5ef51157e0, R15=0x00007f5eec009800
RIP=0x00007f5edd1c0733, EFLAGS=0x0000000000010206, CSGSFS=0x002b000000000033, ERR=0x0000000000000006
  TRAPNO=0x000000000000000e

Top of Stack: (sp=0x00007f5ef51157c0)
0x00007f5ef51157c0:   00007f5eec009800 00007f5ef450a770
0x00007f5ef51157d0:   00007f5eec009800 0000000000000000
0x00007f5ef51157e0:   0000000000000000 00007f5edd1511e8
0x00007f5ef51157f0:   00000000ef4c9ab8 00007f5edd21ed90
0x00007f5ef5115800:   00000000a47c8158 00000000ef4c9ab8
0x00007f5ef5115810:   00000000ef344758 0000000000000000
0x00007f5ef5115820:   00007f5edd1511e8 00007f5ef51157e0
0x00007f5ef5115830:   00000000ef344708 00007f5edd06c0c5
0x00007f5ef5115840:   00000000ef4c9928 00007f5edd29fb90
0x00007f5ef5115850:   0000000100011338 0000000100011570
0x00007f5ef5115860:   000000010000da58 00000000a47c8130
0x00007f5ef5115870:   0000015f94557a38 000000abfb7fc425
0x00007f5ef5115880:   00000000a47c8158 0000580f00002baa
0x00007f5ef5115890:   00000001000016d0 0000000100010c90
0x00007f5ef51158a0:   ef4c99b80000c350 00000000ef4c99a0
0x00007f5ef51158b0:   00000000052aa7d4 00000000ef4c99c8
0x00007f5ef51158c0:   00000000e2ba6b40 00000000a4600010
0x00007f5ef51158d0:   000000000000c34f 00007f5edd29de20
0x00007f5ef51158e0:   00000000000000da 0000000000000246
0x00007f5ef51158f0:   00000000000000da 00007f5edd25e038
0x00007f5ef5115900:   00000000a47417d0 0000000100011570
0x00007f5ef5115910:   00000000a47417e8 0000000100060218
0x00007f5ef5115920:   00000000e75bf870 0000000a0000c350
0x00007f5ef5115930:   0000000100011338 e7935bd00000c350
0x00007f5ef5115940:   00000000a4741800 000000e80000000a
0x00007f5ef5115950:   00000000e54e6e78 deaddeaf00002710
0x00007f5ef5115960:   00000000e7924528 00000000e79244a0
0x00007f5ef5115970:   00007f5ef51159f0 00007f5edd0004e7
0x00007f5ef5115980:   0000000000000000 00000000e4a01ec0
0x00007f5ef5115990:   0000000000001fa0 0000000000000000
0x00007f5ef51159a0:   00007f5eec009800 00007f5ef5115a70
0x00007f5ef51159b0:   00007f5ef5115c30 00007f5ef5115a30 

Instructions: (pc=0x00007f5edd1c0733)
0x00007f5edd1c0713:   41 8b 58 18 4c 8b da 48 8b ca 49 c1 eb 09 48 bf
0x00007f5edd1c0723:   00 80 5c f1 5e 7f 00 00 46 88 24 1f 85 db 74 0e
0x00007f5edd1c0733:   89 4b 20 4c 8b db 49 c1 eb 09 46 88 24 1f 89 5a
0x00007f5edd1c0743:   1c 44 8b 5a 20 45 89 58 20 8b 6a 20 4d 8b d8 4d 

Register to memory mapping:

RAX=0x00000000ef4c9bf8 is an oop
java.util.TreeMap$Entry 
 - klass: 'java/util/TreeMap$Entry'
RBX=0x0000000000000005 is an unknown value
RCX=0x00000000ef4c9d38 is an oop
java.util.TreeMap$Entry 
 - klass: 'java/util/TreeMap$Entry'
RDX=0x00000000ef4c9d38 is an oop
java.util.TreeMap$Entry 
 - klass: 'java/util/TreeMap$Entry'
RSP=0x00007f5ef51157c0 is pointing into the stack for thread: 0x00007f5eec009800
RBP=0x00000000ef4c9ab8 is an oop
java.util.TreeMap$Entry 
 - klass: 'java/util/TreeMap$Entry'
RSI=0x00000000a47c8158 is an oop
java.util.TreeMap 
 - klass: 'java/util/TreeMap'
RDI=0x00007f5ef15c8000 is an unknown value
R8 =0x00000000e74c9c98 is an oop
java.lang.Double 
 - klass: 'java/lang/Double'
R9 =0x00000000ef4c9dd8 is an oop
java.util.TreeMap$Entry 
 - klass: 'java/util/TreeMap$Entry'
R10=0x00000000a47c8158 is an oop
java.util.TreeMap 
 - klass: 'java/util/TreeMap'
R11=0x000000000077a64e is an unknown value
R12=0x0000000000000000 is an unknown value
R13=0x00007f5edd1511e8 is at entry_point+1672 in (nmethod*)0x00007f5edd150990
R14=0x00007f5ef51157e0 is pointing into the stack for thread: 0x00007f5eec009800
R15=0x00007f5eec009800 is a thread


Stack: [0x00007f5ef5016000,0x00007f5ef5117000],  sp=0x00007f5ef51157c0,  free space=1021k
Native frames: (J=compiled Java code, j=interpreted, Vv=VM code, C=native code)
J 280 C2 java.util.TreeMap.rotateLeft(Ljava/util/TreeMap$Entry;)V (96 bytes) @ 0x00007f5edd1c0733 [0x00007f5edd1c06e0+0x53]
J 320 C2 java.util.TreeMap.fixAfterDeletion(Ljava/util/TreeMap$Entry;)V (351 bytes) @ 0x00007f5edd21ed90 [0x00007f5edd21e820+0x570]
J 376 C2 round2.LunchTime.restaurantAfterKDays()I (1012 bytes) @ 0x00007f5edd29fb90 [0x00007f5edd29de00+0x1d90]
J 339% C2 round2.Problem3.main([Ljava/lang/String;)V (282 bytes) @ 0x00007f5edd25e038 [0x00007f5edd25dd60+0x2d8]
v  ~StubRoutines::call_stub
V  [libjvm.so+0x690dd6]  JavaCalls::call_helper(JavaValue*, methodHandle*, JavaCallArguments*, Thread*)+0x1056
V  [libjvm.so+0x6d21e2]  jni_invoke_static(JNIEnv_*, JavaValue*, _jobject*, JNICallType, _jmethodID*, JNI_ArgumentPusher*, Thread*)+0x362
V  [libjvm.so+0x6eea4a]  jni_CallStaticVoidMethod+0x17a
C  [libjli.so+0x7bdf]  JavaMain+0x81f
C  [libpthread.so.0+0x76da]  start_thread+0xca


---------------  P R O C E S S  ---------------

Java Threads: ( => current thread )
  0x00007f5eec0cd000 JavaThread "Service Thread" daemon [_thread_blocked, id=22501, stack(0x00007f5ed9698000,0x00007f5ed9799000)]
  0x00007f5eec0b8000 JavaThread "C1 CompilerThread1" daemon [_thread_blocked, id=22500, stack(0x00007f5ed9799000,0x00007f5ed989a000)]
  0x00007f5eec0b5800 JavaThread "C2 CompilerThread0" daemon [_thread_blocked, id=22499, stack(0x00007f5ed989a000,0x00007f5ed999b000)]
  0x00007f5eec0b1000 JavaThread "Signal Dispatcher" daemon [_thread_blocked, id=22498, stack(0x00007f5ed999b000,0x00007f5ed9a9c000)]
  0x00007f5eec07f800 JavaThread "Finalizer" daemon [_thread_blocked, id=22497, stack(0x00007f5ed9f2d000,0x00007f5eda02e000)]
  0x00007f5eec07b000 JavaThread "Reference Handler" daemon [_thread_blocked, id=22496, stack(0x00007f5eda02e000,0x00007f5eda12f000)]
=>0x00007f5eec009800 JavaThread "main" [_thread_in_Java, id=22491, stack(0x00007f5ef5016000,0x00007f5ef5117000)]

Other Threads:
  0x00007f5eec073000 VMThread [stack: 0x00007f5eda12f000,0x00007f5eda230000] [id=22495]
  0x00007f5eec0d0000 WatcherThread [stack: 0x00007f5ed9597000,0x00007f5ed9698000] [id=22502]

VM state:not at safepoint (normal execution)

VM Mutex/Monitor currently owned by a thread: None

Heap:
 PSYoungGen      total 264704K, used 232867K [0x00000000e1780000, 0x00000000fe180000, 0x0000000100000000)
  eden space 263168K, 88% used [0x00000000e1780000,0x00000000ef9a8f88,0x00000000f1880000)
  from space 1536K, 83% used [0x00000000fe000000,0x00000000fe140000,0x00000000fe180000)
  to   space 3584K, 0% used [0x00000000fda80000,0x00000000fda80000,0x00000000fde00000)
 ParOldGen       total 62976K, used 5774K [0x00000000a4600000, 0x00000000a8380000, 0x00000000e1780000)
  object space 62976K, 9% used [0x00000000a4600000,0x00000000a4ba3af0,0x00000000a8380000)
 Metaspace       used 3684K, capacity 4602K, committed 4864K, reserved 1056768K
  class space    used 402K, capacity 426K, committed 512K, reserved 1048576K

Card table byte_map: [0x00007f5ef1aeb000,0x00007f5ef1dc9000] byte_map_base: 0x00007f5ef15c8000

Marking Bits: (ParMarkBitMap*) 0x00007f5ef44f3c80
 Begin Bits: [0x00007f5eda230000, 0x00007f5edb918000)
 End Bits:   [0x00007f5edb918000, 0x00007f5edd000000)

Polling page: 0x00007f5ef5141000

CodeCache: size=245760Kb used=2694Kb max_used=2703Kb free=243065Kb
 bounds [0x00007f5edd000000, 0x00007f5edd2b0000, 0x00007f5eec000000]
 total_blobs=648 nmethods=393 adapters=171
 compilation: enabled

Compilation events (10 events):
Event: 2.184 Thread 0x00007f5eec0b8000  390       3       java.util.ArrayList::add (29 bytes)
Event: 2.185 Thread 0x00007f5eec0b8000 nmethod 390 0x00007f5edd293990 code [0x00007f5edd293b40, 0x00007f5edd294048]
Event: 2.185 Thread 0x00007f5eec0b8000  391       3       java.util.ArrayList::ensureCapacityInternal (23 bytes)
Event: 2.185 Thread 0x00007f5eec0b8000 nmethod 391 0x00007f5edd293390 code [0x00007f5edd293520, 0x00007f5edd293848]
Event: 2.185 Thread 0x00007f5eec0b8000  392       3       java.util.ArrayList::ensureExplicitCapacity (26 bytes)
Event: 2.185 Thread 0x00007f5eec0b8000 nmethod 392 0x00007f5edd292f50 code [0x00007f5edd2930c0, 0x00007f5edd2932a8]
Event: 4.431 Thread 0x00007f5eec0b8000  393       3       java.util.TreeMap$Entry::setValue (12 bytes)
Event: 4.431 Thread 0x00007f5eec0b8000 nmethod 393 0x00007f5edd28fa90 code [0x00007f5edd28fbe0, 0x00007f5edd28fd50]
Event: 11.658 Thread 0x00007f5eec0b8000  394       1       java.util.TreeMap$Entry::setValue (12 bytes)
Event: 11.658 Thread 0x00007f5eec0b8000 nmethod 394 0x00007f5edd292c90 code [0x00007f5edd292de0, 0x00007f5edd292f10]

GC Heap History (10 events):
Event: 30.070 GC heap before
{Heap before GC invocations=20 (full 0):
 PSYoungGen      total 333824K, used 333472K [0x00000000e1780000, 0x00000000feb00000, 0x0000000100000000)
  eden space 332288K, 100% used [0x00000000e1780000,0x00000000f5c00000,0x00000000f5c00000)
  from space 1536K, 77% used [0x00000000fe200000,0x00000000fe328000,0x00000000fe380000)
  to   space 4608K, 0% used [0x00000000fe680000,0x00000000fe680000,0x00000000feb00000)
 ParOldGen       total 62976K, used 5718K [0x00000000a4600000, 0x00000000a8380000, 0x00000000e1780000)
  object space 62976K, 9% used [0x00000000a4600000,0x00000000a4b95af0,0x00000000a8380000)
 Metaspace       used 3684K, capacity 4602K, committed 4864K, reserved 1056768K
  class space    used 402K, capacity 426K, committed 512K, reserved 1048576K
Event: 30.077 GC heap after
Heap after GC invocations=20 (full 0):
 PSYoungGen      total 318464K, used 1184K [0x00000000e1780000, 0x00000000fe800000, 0x0000000100000000)
  eden space 316928K, 0% used [0x00000000e1780000,0x00000000e1780000,0x00000000f4d00000)
  from space 1536K, 77% used [0x00000000fe680000,0x00000000fe7a8000,0x00000000fe800000)
  to   space 4608K, 0% used [0x00000000fdf00000,0x00000000fdf00000,0x00000000fe380000)
 ParOldGen       total 62976K, used 5734K [0x00000000a4600000, 0x00000000a8380000, 0x00000000e1780000)
  object space 62976K, 9% used [0x00000000a4600000,0x00000000a4b99af0,0x00000000a8380000)
 Metaspace       used 3684K, capacity 4602K, committed 4864K, reserved 1056768K
  class space    used 402K, capacity 426K, committed 512K, reserved 1048576K
}
Event: 31.796 GC heap before
{Heap before GC invocations=21 (full 0):
 PSYoungGen      total 318464K, used 318112K [0x00000000e1780000, 0x00000000fe800000, 0x0000000100000000)
  eden space 316928K, 100% used [0x00000000e1780000,0x00000000f4d00000,0x00000000f4d00000)
  from space 1536K, 77% used [0x00000000fe680000,0x00000000fe7a8000,0x00000000fe800000)
  to   space 4608K, 0% used [0x00000000fdf00000,0x00000000fdf00000,0x00000000fe380000)
 ParOldGen       total 62976K, used 5734K [0x00000000a4600000, 0x00000000a8380000, 0x00000000e1780000)
  object space 62976K, 9% used [0x00000000a4600000,0x00000000a4b99af0,0x00000000a8380000)
 Metaspace       used 3684K, capacity 4602K, committed 4864K, reserved 1056768K
  class space    used 402K, capacity 426K, committed 512K, reserved 1048576K
Event: 31.802 GC heap after
Heap after GC invocations=21 (full 0):
 PSYoungGen      total 304128K, used 1216K [0x00000000e1780000, 0x00000000fe700000, 0x0000000100000000)
  eden space 302592K, 0% used [0x00000000e1780000,0x00000000e1780000,0x00000000f3f00000)
  from space 1536K, 79% used [0x00000000fdf00000,0x00000000fe030000,0x00000000fe080000)
  to   space 4096K, 0% used [0x00000000fe300000,0x00000000fe300000,0x00000000fe700000)
 ParOldGen       total 62976K, used 5742K [0x00000000a4600000, 0x00000000a8380000, 0x00000000e1780000)
  object space 62976K, 9% used [0x00000000a4600000,0x00000000a4b9baf0,0x00000000a8380000)
 Metaspace       used 3684K, capacity 4602K, committed 4864K, reserved 1056768K
  class space    used 402K, capacity 426K, committed 512K, reserved 1048576K
}
Event: 33.423 GC heap before
{Heap before GC invocations=22 (full 0):
 PSYoungGen      total 304128K, used 303808K [0x00000000e1780000, 0x00000000fe700000, 0x0000000100000000)
  eden space 302592K, 100% used [0x00000000e1780000,0x00000000f3f00000,0x00000000f3f00000)
  from space 1536K, 79% used [0x00000000fdf00000,0x00000000fe030000,0x00000000fe080000)
  to   space 4096K, 0% used [0x00000000fe300000,0x00000000fe300000,0x00000000fe700000)
 ParOldGen       total 62976K, used 5742K [0x00000000a4600000, 0x00000000a8380000, 0x00000000e1780000)
  object space 62976K, 9% used [0x00000000a4600000,0x00000000a4b9baf0,0x00000000a8380000)
 Metaspace       used 3684K, capacity 4602K, committed 4864K, reserved 1056768K
  class space    used 402K, capacity 426K, committed 512K, reserved 1048576K
Event: 33.430 GC heap after
Heap after GC invocations=22 (full 0):
 PSYoungGen      total 290304K, used 1280K [0x00000000e1780000, 0x00000000fe480000, 0x0000000100000000)
  eden space 288768K, 0% used [0x00000000e1780000,0x00000000e1780000,0x00000000f3180000)
  from space 1536K, 83% used [0x00000000fe300000,0x00000000fe440000,0x00000000fe480000)
  to   space 4096K, 0% used [0x00000000fdc80000,0x00000000fdc80000,0x00000000fe080000)
 ParOldGen       total 62976K, used 5758K [0x00000000a4600000, 0x00000000a8380000, 0x00000000e1780000)
  object space 62976K, 9% used [0x00000000a4600000,0x00000000a4b9faf0,0x00000000a8380000)
 Metaspace       used 3684K, capacity 4602K, committed 4864K, reserved 1056768K
  class space    used 402K, capacity 426K, committed 512K, reserved 1048576K
}
Event: 34.948 GC heap before
{Heap before GC invocations=23 (full 0):
 PSYoungGen      total 290304K, used 290048K [0x00000000e1780000, 0x00000000fe480000, 0x0000000100000000)
  eden space 288768K, 100% used [0x00000000e1780000,0x00000000f3180000,0x00000000f3180000)
  from space 1536K, 83% used [0x00000000fe300000,0x00000000fe440000,0x00000000fe480000)
  to   space 4096K, 0% used [0x00000000fdc80000,0x00000000fdc80000,0x00000000fe080000)
 ParOldGen       total 62976K, used 5758K [0x00000000a4600000, 0x00000000a8380000, 0x00000000e1780000)
  object space 62976K, 9% used [0x00000000a4600000,0x00000000a4b9faf0,0x00000000a8380000)
 Metaspace       used 3684K, capacity 4602K, committed 4864K, reserved 1056768K
  class space    used 402K, capacity 426K, committed 512K, reserved 1048576K
Event: 34.954 GC heap after
Heap after GC invocations=23 (full 0):
 PSYoungGen      total 276992K, used 1248K [0x00000000e1780000, 0x00000000fe380000, 0x0000000100000000)
  eden space 275456K, 0% used [0x00000000e1780000,0x00000000e1780000,0x00000000f2480000)
  from space 1536K, 81% used [0x00000000fdc80000,0x00000000fddb8000,0x00000000fde00000)
  to   space 3584K, 0% used [0x00000000fe000000,0x00000000fe000000,0x00000000fe380000)
 ParOldGen       total 62976K, used 5766K [0x00000000a4600000, 0x00000000a8380000, 0x00000000e1780000)
  object space 62976K, 9% used [0x00000000a4600000,0x00000000a4ba1af0,0x00000000a8380000)
 Metaspace       used 3684K, capacity 4602K, committed 4864K, reserved 1056768K
  class space    used 402K, capacity 426K, committed 512K, reserved 1048576K
}
Event: 36.414 GC heap before
{Heap before GC invocations=24 (full 0):
 PSYoungGen      total 276992K, used 276704K [0x00000000e1780000, 0x00000000fe380000, 0x0000000100000000)
  eden space 275456K, 100% used [0x00000000e1780000,0x00000000f2480000,0x00000000f2480000)
  from space 1536K, 81% used [0x00000000fdc80000,0x00000000fddb8000,0x00000000fde00000)
  to   space 3584K, 0% used [0x00000000fe000000,0x00000000fe000000,0x00000000fe380000)
 ParOldGen       total 62976K, used 5766K [0x00000000a4600000, 0x00000000a8380000, 0x00000000e1780000)
  object space 62976K, 9% used [0x00000000a4600000,0x00000000a4ba1af0,0x00000000a8380000)
 Metaspace       used 3684K, capacity 4602K, committed 4864K, reserved 1056768K
  class space    used 402K, capacity 426K, committed 512K, reserved 1048576K
Event: 36.421 GC heap after
Heap after GC invocations=24 (full 0):
 PSYoungGen      total 264704K, used 1280K [0x00000000e1780000, 0x00000000fe180000, 0x0000000100000000)
  eden space 263168K, 0% used [0x00000000e1780000,0x00000000e1780000,0x00000000f1880000)
  from space 1536K, 83% used [0x00000000fe000000,0x00000000fe140000,0x00000000fe180000)
  to   space 3584K, 0% used [0x00000000fda80000,0x00000000fda80000,0x00000000fde00000)
 ParOldGen       total 62976K, used 5774K [0x00000000a4600000, 0x00000000a8380000, 0x00000000e1780000)
  object space 62976K, 9% used [0x00000000a4600000,0x00000000a4ba3af0,0x00000000a8380000)
 Metaspace       used 3684K, capacity 4602K, committed 4864K, reserved 1056768K
  class space    used 402K, capacity 426K, committed 512K, reserved 1048576K
}

Deoptimization events (10 events):
Event: 1.291 Thread 0x00007f5eec009800 Uncommon trap: reason=unstable_if action=reinterpret pc=0x00007f5edd1c3a14 method=java.util.TreeMap$NavigableSubMap$SubMapIterator.hasNext()Z @ 4
Event: 1.291 Thread 0x00007f5eec009800 Uncommon trap: reason=class_check action=maybe_recompile pc=0x00007f5edd177844 method=java.util.regex.Pattern$Start.match(Ljava/util/regex/Matcher;ILjava/lang/CharSequence;)Z @ 44
Event: 1.291 Thread 0x00007f5eec009800 Uncommon trap: reason=class_check action=maybe_recompile pc=0x00007f5edd177844 method=java.util.regex.Pattern$Start.match(Ljava/util/regex/Matcher;ILjava/lang/CharSequence;)Z @ 44
Event: 1.291 Thread 0x00007f5eec009800 Uncommon trap: reason=class_check action=maybe_recompile pc=0x00007f5edd177844 method=java.util.regex.Pattern$Start.match(Ljava/util/regex/Matcher;ILjava/lang/CharSequence;)Z @ 44
Event: 1.291 Thread 0x00007f5eec009800 Uncommon trap: reason=class_check action=maybe_recompile pc=0x00007f5edd177844 method=java.util.regex.Pattern$Start.match(Ljava/util/regex/Matcher;ILjava/lang/CharSequence;)Z @ 44
Event: 1.368 Thread 0x00007f5eec009800 Uncommon trap: reason=unstable_if action=reinterpret pc=0x00007f5edd1c77f0 method=java.util.Scanner.nextInt(I)I @ 4
Event: 1.385 Thread 0x00007f5eec009800 Uncommon trap: reason=unstable_if action=reinterpret pc=0x00007f5edd1a1bb8 method=java.util.TreeMap$DescendingSubMap.entrySet()Ljava/util/Set; @ 6
Event: 1.668 Thread 0x00007f5eec009800 Uncommon trap: reason=unstable_if action=reinterpret pc=0x00007f5edd1c33e4 method=java.util.TreeMap.predecessor(Ljava/util/TreeMap$Entry;)Ljava/util/TreeMap$Entry; @ 43
Event: 1.752 Thread 0x00007f5eec009800 Uncommon trap: reason=unstable_if action=reinterpret pc=0x00007f5edd258f8c method=round2.LunchTime.restaurantAfterKDays()I @ 798
Event: 1.768 Thread 0x00007f5eec009800 Uncommon trap: reason=unstable_if action=reinterpret pc=0x00007f5edd20f45c method=java.util.TreeMap$DescendingSubMap.entrySet()Ljava/util/Set; @ 6

Internal exceptions (10 events):
Event: 0.038 Thread 0x00007f5eec009800 Exception <a 'java/lang/NoSuchMethodError': Method sun.misc.Unsafe.defineClass(Ljava/lang/String;[BII)Ljava/lang/Class; name or signature does not match> (0x00000000e1787ca8) thrown at [/HUDSON3/workspace/8-2-build-linux-amd64/jdk8u121/8372/hotspot/src/sh
Event: 0.038 Thread 0x00007f5eec009800 Exception <a 'java/lang/NoSuchMethodError': Method sun.misc.Unsafe.prefetchRead(Ljava/lang/Object;J)V name or signature does not match> (0x00000000e1787f90) thrown at [/HUDSON3/workspace/8-2-build-linux-amd64/jdk8u121/8372/hotspot/src/share/vm/prims/jni.c
Event: 0.118 Thread 0x00007f5eec009800 Exception <a 'java/security/PrivilegedActionException'> (0x00000000e187c8e8) thrown at [/HUDSON3/workspace/8-2-build-linux-amd64/jdk8u121/8372/hotspot/src/share/vm/prims/jvm.cpp, line 1390]
Event: 0.118 Thread 0x00007f5eec009800 Exception <a 'java/security/PrivilegedActionException'> (0x00000000e187cce0) thrown at [/HUDSON3/workspace/8-2-build-linux-amd64/jdk8u121/8372/hotspot/src/share/vm/prims/jvm.cpp, line 1390]
Event: 0.118 Thread 0x00007f5eec009800 Exception <a 'java/security/PrivilegedActionException'> (0x00000000e187f330) thrown at [/HUDSON3/workspace/8-2-build-linux-amd64/jdk8u121/8372/hotspot/src/share/vm/prims/jvm.cpp, line 1390]
Event: 0.118 Thread 0x00007f5eec009800 Exception <a 'java/security/PrivilegedActionException'> (0x00000000e187f728) thrown at [/HUDSON3/workspace/8-2-build-linux-amd64/jdk8u121/8372/hotspot/src/share/vm/prims/jvm.cpp, line 1390]
Event: 0.805 Thread 0x00007f5eec009800 Implicit null exception at 0x00007f5edd208aed to 0x00007f5edd2091b5
Event: 1.291 Thread 0x00007f5eec009800 Implicit null exception at 0x00007f5edd1c39d0 to 0x00007f5edd1c3a01
Event: 1.368 Thread 0x00007f5eec009800 Implicit null exception at 0x00007f5edd1c7750 to 0x00007f5edd1c77d9
Event: 37.645 Thread 0x00007f5eec009800 Implicit null exception at 0x00007f5edd1c0733 to 0x0000000000000000

Events (10 events):
Event: 30.070 Executing VM operation: ParallelGCFailedAllocation
Event: 30.077 Executing VM operation: ParallelGCFailedAllocation done
Event: 31.796 Executing VM operation: ParallelGCFailedAllocation
Event: 31.802 Executing VM operation: ParallelGCFailedAllocation done
Event: 33.423 Executing VM operation: ParallelGCFailedAllocation
Event: 33.430 Executing VM operation: ParallelGCFailedAllocation done
Event: 34.948 Executing VM operation: ParallelGCFailedAllocation
Event: 34.954 Executing VM operation: ParallelGCFailedAllocation done
Event: 36.414 Executing VM operation: ParallelGCFailedAllocation
Event: 36.421 Executing VM operation: ParallelGCFailedAllocation done


Dynamic libraries:
00400000-00401000 r-xp 00000000 08:01 2761294                            /usr/lib/jvm/java-8-oracle/jre/bin/java
00600000-00601000 rw-p 00000000 08:01 2761294                            /usr/lib/jvm/java-8-oracle/jre/bin/java
00831000-00852000 rw-p 00000000 00:00 0                                  [heap]
a4600000-a8380000 rw-p 00000000 00:00 0 
a8380000-e1780000 ---p 00000000 00:00 0 
e1780000-fe180000 rw-p 00000000 00:00 0 
fe180000-100000000 ---p 00000000 00:00 0 
100000000-100080000 rw-p 00000000 00:00 0 
100080000-140000000 ---p 00000000 00:00 0 
7f5eac000000-7f5eac021000 rw-p 00000000 00:00 0 
7f5eac021000-7f5eb0000000 ---p 00000000 00:00 0 
7f5eb0fff000-7f5eb4000000 rw-p 00000000 00:00 0 
7f5eb4000000-7f5eb443a000 rw-p 00000000 00:00 0 
7f5eb443a000-7f5eb8000000 ---p 00000000 00:00 0 
7f5eb8000000-7f5eb8021000 rw-p 00000000 00:00 0 
7f5eb8021000-7f5ebc000000 ---p 00000000 00:00 0 
7f5ebc000000-7f5ebc021000 rw-p 00000000 00:00 0 
7f5ebc021000-7f5ec0000000 ---p 00000000 00:00 0 
7f5ec0000000-7f5ec0842000 rw-p 00000000 00:00 0 
7f5ec0842000-7f5ec4000000 ---p 00000000 00:00 0 
7f5ec4000000-7f5ec4021000 rw-p 00000000 00:00 0 
7f5ec4021000-7f5ec8000000 ---p 00000000 00:00 0 
7f5ec8000000-7f5ec8021000 rw-p 00000000 00:00 0 
7f5ec8021000-7f5ecc000000 ---p 00000000 00:00 0 
7f5ecc000000-7f5ecc021000 rw-p 00000000 00:00 0 
7f5ecc021000-7f5ed0000000 ---p 00000000 00:00 0 
7f5ed0000000-7f5ed0021000 rw-p 00000000 00:00 0 
7f5ed0021000-7f5ed4000000 ---p 00000000 00:00 0 
7f5ed4000000-7f5ed4021000 rw-p 00000000 00:00 0 
7f5ed4021000-7f5ed8000000 ---p 00000000 00:00 0 
7f5ed8ee8000-7f5ed916f000 rw-p 00000000 00:00 0 
7f5ed916f000-7f5ed9180000 r-xp 00000000 08:01 2623052                    /usr/lib/jvm/java-8-oracle/jre/lib/amd64/libnio.so
7f5ed9180000-7f5ed937f000 ---p 00011000 08:01 2623052                    /usr/lib/jvm/java-8-oracle/jre/lib/amd64/libnio.so
7f5ed937f000-7f5ed9380000 rw-p 00010000 08:01 2623052                    /usr/lib/jvm/java-8-oracle/jre/lib/amd64/libnio.so
7f5ed9380000-7f5ed9396000 r-xp 00000000 08:01 2622490                    /usr/lib/jvm/java-8-oracle/jre/lib/amd64/libnet.so
7f5ed9396000-7f5ed9596000 ---p 00016000 08:01 2622490                    /usr/lib/jvm/java-8-oracle/jre/lib/amd64/libnet.so
7f5ed9596000-7f5ed9597000 rw-p 00016000 08:01 2622490                    /usr/lib/jvm/java-8-oracle/jre/lib/amd64/libnet.so
7f5ed9597000-7f5ed9598000 ---p 00000000 00:00 0 
7f5ed9598000-7f5ed9698000 rw-p 00000000 00:00 0 
7f5ed9698000-7f5ed969b000 ---p 00000000 00:00 0 
7f5ed969b000-7f5ed9799000 rw-p 00000000 00:00 0 
7f5ed9799000-7f5ed979c000 ---p 00000000 00:00 0 
7f5ed979c000-7f5ed989a000 rw-p 00000000 00:00 0 
7f5ed989a000-7f5ed989d000 ---p 00000000 00:00 0 
7f5ed989d000-7f5ed999b000 rw-p 00000000 00:00 0 
7f5ed999b000-7f5ed999e000 ---p 00000000 00:00 0 
7f5ed999e000-7f5ed9a9c000 rw-p 00000000 00:00 0 
7f5ed9a9c000-7f5ed9f2d000 r--p 00000000 08:01 2231599                    /usr/lib/locale/locale-archive
7f5ed9f2d000-7f5ed9f30000 ---p 00000000 00:00 0 
7f5ed9f30000-7f5eda02e000 rw-p 00000000 00:00 0 
7f5eda02e000-7f5eda031000 ---p 00000000 00:00 0 
7f5eda031000-7f5eda12f000 rw-p 00000000 00:00 0 
7f5eda12f000-7f5eda130000 ---p 00000000 00:00 0 
7f5eda130000-7f5edd000000 rw-p 00000000 00:00 0 
7f5edd000000-7f5edd2b0000 rwxp 00000000 00:00 0 
7f5edd2b0000-7f5eec000000 ---p 00000000 00:00 0 
7f5eec000000-7f5eec14b000 rw-p 00000000 00:00 0 
7f5eec14b000-7f5ef0000000 ---p 00000000 00:00 0 
7f5ef005b000-7f5ef09d4000 rw-p 00000000 00:00 0 
7f5ef09d4000-7f5ef0bad000 r--s 03d3e000 08:01 2499134                    /usr/lib/jvm/java-8-oracle/jre/lib/rt.jar
7f5ef0bad000-7f5ef1063000 rw-p 00000000 00:00 0 
7f5ef1063000-7f5ef1423000 ---p 00000000 00:00 0 
7f5ef1423000-7f5ef1700000 rw-p 00000000 00:00 0 
7f5ef1700000-7f5ef1701000 ---p 00000000 00:00 0 
7f5ef1701000-7f5ef1801000 rw-p 00000000 00:00 0 
7f5ef1801000-7f5ef1802000 ---p 00000000 00:00 0 
7f5ef1802000-7f5ef1921000 rw-p 00000000 00:00 0 
7f5ef1921000-7f5ef1aeb000 ---p 00000000 00:00 0 
7f5ef1aeb000-7f5ef1b0a000 rw-p 00000000 00:00 0 
7f5ef1b0a000-7f5ef1cd3000 ---p 00000000 00:00 0 
7f5ef1cd3000-7f5ef1db9000 rw-p 00000000 00:00 0 
7f5ef1db9000-7f5ef1dc8000 ---p 00000000 00:00 0 
7f5ef1dc8000-7f5ef1dd4000 rw-p 00000000 00:00 0 
7f5ef1dd4000-7f5ef2189000 ---p 00000000 00:00 0 
7f5ef2189000-7f5ef21a3000 r-xp 00000000 08:01 2622993                    /usr/lib/jvm/java-8-oracle/jre/lib/amd64/libzip.so
7f5ef21a3000-7f5ef23a3000 ---p 0001a000 08:01 2622993                    /usr/lib/jvm/java-8-oracle/jre/lib/amd64/libzip.so
7f5ef23a3000-7f5ef23a4000 rw-p 0001a000 08:01 2622993                    /usr/lib/jvm/java-8-oracle/jre/lib/amd64/libzip.so
7f5ef23a4000-7f5ef23af000 r-xp 00000000 08:01 3674486                    /lib/x86_64-linux-gnu/libnss_files-2.24.so
7f5ef23af000-7f5ef25ae000 ---p 0000b000 08:01 3674486                    /lib/x86_64-linux-gnu/libnss_files-2.24.so
7f5ef25ae000-7f5ef25af000 r--p 0000a000 08:01 3674486                    /lib/x86_64-linux-gnu/libnss_files-2.24.so
7f5ef25af000-7f5ef25b0000 rw-p 0000b000 08:01 3674486                    /lib/x86_64-linux-gnu/libnss_files-2.24.so
7f5ef25b0000-7f5ef25b6000 rw-p 00000000 00:00 0 
7f5ef25b6000-7f5ef25c1000 r-xp 00000000 08:01 3674542                    /lib/x86_64-linux-gnu/libnss_nis-2.24.so
7f5ef25c1000-7f5ef27c0000 ---p 0000b000 08:01 3674542                    /lib/x86_64-linux-gnu/libnss_nis-2.24.so
7f5ef27c0000-7f5ef27c1000 r--p 0000a000 08:01 3674542                    /lib/x86_64-linux-gnu/libnss_nis-2.24.so
7f5ef27c1000-7f5ef27c2000 rw-p 0000b000 08:01 3674542                    /lib/x86_64-linux-gnu/libnss_nis-2.24.so
7f5ef27c2000-7f5ef27d8000 r-xp 00000000 08:01 3674479                    /lib/x86_64-linux-gnu/libnsl-2.24.so
7f5ef27d8000-7f5ef29d7000 ---p 00016000 08:01 3674479                    /lib/x86_64-linux-gnu/libnsl-2.24.so
7f5ef29d7000-7f5ef29d8000 r--p 00015000 08:01 3674479                    /lib/x86_64-linux-gnu/libnsl-2.24.so
7f5ef29d8000-7f5ef29d9000 rw-p 00016000 08:01 3674479                    /lib/x86_64-linux-gnu/libnsl-2.24.so
7f5ef29d9000-7f5ef29db000 rw-p 00000000 00:00 0 
7f5ef29db000-7f5ef29e3000 r-xp 00000000 08:01 3674483                    /lib/x86_64-linux-gnu/libnss_compat-2.24.so
7f5ef29e3000-7f5ef2be2000 ---p 00008000 08:01 3674483                    /lib/x86_64-linux-gnu/libnss_compat-2.24.so
7f5ef2be2000-7f5ef2be3000 r--p 00007000 08:01 3674483                    /lib/x86_64-linux-gnu/libnss_compat-2.24.so
7f5ef2be3000-7f5ef2be4000 rw-p 00008000 08:01 3674483                    /lib/x86_64-linux-gnu/libnss_compat-2.24.so
7f5ef2be4000-7f5ef2c0f000 r-xp 00000000 08:01 2624001                    /usr/lib/jvm/java-8-oracle/jre/lib/amd64/libjava.so
7f5ef2c0f000-7f5ef2e0e000 ---p 0002b000 08:01 2624001                    /usr/lib/jvm/java-8-oracle/jre/lib/amd64/libjava.so
7f5ef2e0e000-7f5ef2e10000 rw-p 0002a000 08:01 2624001                    /usr/lib/jvm/java-8-oracle/jre/lib/amd64/libjava.so
7f5ef2e10000-7f5ef2e1d000 r-xp 00000000 08:01 2622491                    /usr/lib/jvm/java-8-oracle/jre/lib/amd64/libverify.so
7f5ef2e1d000-7f5ef301c000 ---p 0000d000 08:01 2622491                    /usr/lib/jvm/java-8-oracle/jre/lib/amd64/libverify.so
7f5ef301c000-7f5ef301e000 rw-p 0000c000 08:01 2622491                    /usr/lib/jvm/java-8-oracle/jre/lib/amd64/libverify.so
7f5ef301e000-7f5ef3025000 r-xp 00000000 08:01 3674577                    /lib/x86_64-linux-gnu/librt-2.24.so
7f5ef3025000-7f5ef3224000 ---p 00007000 08:01 3674577                    /lib/x86_64-linux-gnu/librt-2.24.so
7f5ef3224000-7f5ef3225000 r--p 00006000 08:01 3674577                    /lib/x86_64-linux-gnu/librt-2.24.so
7f5ef3225000-7f5ef3226000 rw-p 00007000 08:01 3674577                    /lib/x86_64-linux-gnu/librt-2.24.so
7f5ef3226000-7f5ef332e000 r-xp 00000000 08:01 3670113                    /lib/x86_64-linux-gnu/libm-2.24.so
7f5ef332e000-7f5ef352d000 ---p 00108000 08:01 3670113                    /lib/x86_64-linux-gnu/libm-2.24.so
7f5ef352d000-7f5ef352e000 r--p 00107000 08:01 3670113                    /lib/x86_64-linux-gnu/libm-2.24.so
7f5ef352e000-7f5ef352f000 rw-p 00108000 08:01 3670113                    /lib/x86_64-linux-gnu/libm-2.24.so
7f5ef352f000-7f5ef41fd000 r-xp 00000000 08:01 2624005                    /usr/lib/jvm/java-8-oracle/jre/lib/amd64/server/libjvm.so
7f5ef41fd000-7f5ef43fd000 ---p 00cce000 08:01 2624005                    /usr/lib/jvm/java-8-oracle/jre/lib/amd64/server/libjvm.so
7f5ef43fd000-7f5ef44d6000 rw-p 00cce000 08:01 2624005                    /usr/lib/jvm/java-8-oracle/jre/lib/amd64/server/libjvm.so
7f5ef44d6000-7f5ef4521000 rw-p 00000000 00:00 0 
7f5ef4521000-7f5ef46df000 r-xp 00000000 08:01 3670105                    /lib/x86_64-linux-gnu/libc-2.24.so
7f5ef46df000-7f5ef48de000 ---p 001be000 08:01 3670105                    /lib/x86_64-linux-gnu/libc-2.24.so
7f5ef48de000-7f5ef48e2000 r--p 001bd000 08:01 3670105                    /lib/x86_64-linux-gnu/libc-2.24.so
7f5ef48e2000-7f5ef48e4000 rw-p 001c1000 08:01 3670105                    /lib/x86_64-linux-gnu/libc-2.24.so
7f5ef48e4000-7f5ef48e8000 rw-p 00000000 00:00 0 
7f5ef48e8000-7f5ef48eb000 r-xp 00000000 08:01 3670112                    /lib/x86_64-linux-gnu/libdl-2.24.so
7f5ef48eb000-7f5ef4aea000 ---p 00003000 08:01 3670112                    /lib/x86_64-linux-gnu/libdl-2.24.so
7f5ef4aea000-7f5ef4aeb000 r--p 00002000 08:01 3670112                    /lib/x86_64-linux-gnu/libdl-2.24.so
7f5ef4aeb000-7f5ef4aec000 rw-p 00003000 08:01 3670112                    /lib/x86_64-linux-gnu/libdl-2.24.so
7f5ef4aec000-7f5ef4b01000 r-xp 00000000 08:01 2623247                    /usr/lib/jvm/java-8-oracle/jre/lib/amd64/jli/libjli.so
7f5ef4b01000-7f5ef4d01000 ---p 00015000 08:01 2623247                    /usr/lib/jvm/java-8-oracle/jre/lib/amd64/jli/libjli.so
7f5ef4d01000-7f5ef4d02000 rw-p 00015000 08:01 2623247                    /usr/lib/jvm/java-8-oracle/jre/lib/amd64/jli/libjli.so
7f5ef4d02000-7f5ef4d1a000 r-xp 00000000 08:01 3674562                    /lib/x86_64-linux-gnu/libpthread-2.24.so
7f5ef4d1a000-7f5ef4f1a000 ---p 00018000 08:01 3674562                    /lib/x86_64-linux-gnu/libpthread-2.24.so
7f5ef4f1a000-7f5ef4f1b000 r--p 00018000 08:01 3674562                    /lib/x86_64-linux-gnu/libpthread-2.24.so
7f5ef4f1b000-7f5ef4f1c000 rw-p 00019000 08:01 3674562                    /lib/x86_64-linux-gnu/libpthread-2.24.so
7f5ef4f1c000-7f5ef4f20000 rw-p 00000000 00:00 0 
7f5ef4f20000-7f5ef4f46000 r-xp 00000000 08:01 3670034                    /lib/x86_64-linux-gnu/ld-2.24.so
7f5ef4f51000-7f5ef5016000 rw-p 00000000 00:00 0 
7f5ef5016000-7f5ef5019000 ---p 00000000 00:00 0 
7f5ef5019000-7f5ef5119000 rw-p 00000000 00:00 0 
7f5ef511b000-7f5ef5138000 rw-p 00000000 00:00 0 
7f5ef5138000-7f5ef5140000 rw-s 00000000 08:01 14418819                   /tmp/hsperfdata_westmount/22490
7f5ef5140000-7f5ef5141000 rw-p 00000000 00:00 0 
7f5ef5141000-7f5ef5142000 r--p 00000000 00:00 0 
7f5ef5142000-7f5ef5145000 rw-p 00000000 00:00 0 
7f5ef5145000-7f5ef5146000 r--p 00025000 08:01 3670034                    /lib/x86_64-linux-gnu/ld-2.24.so
7f5ef5146000-7f5ef5147000 rw-p 00026000 08:01 3670034                    /lib/x86_64-linux-gnu/ld-2.24.so
7f5ef5147000-7f5ef5148000 rw-p 00000000 00:00 0 
7ffdc6a50000-7ffdc6a71000 rw-p 00000000 00:00 0                          [stack]
7ffdc6bef000-7ffdc6bf1000 r--p 00000000 00:00 0                          [vvar]
7ffdc6bf1000-7ffdc6bf3000 r-xp 00000000 00:00 0                          [vdso]
ffffffffff600000-ffffffffff601000 r-xp 00000000 00:00 0                  [vsyscall]

VM Arguments:
java_command: round2.Problem3 DATA32.txt
java_class_path (initial): /home/westmount/workspace/ecoo2017/
Launcher Type: SUN_STANDARD

Environment Variables:
JAVA_HOME=/usr/lib/jvm/java-8-oracle
PATH=/home/westmount/bin:/home/westmount/.local/bin:/usr/local/sbin:/usr/local/bin:/usr/sbin:/usr/bin:/sbin:/bin:/usr/games:/usr/local/games:/snap/bin:/usr/lib/jvm/java-8-oracle/bin:/usr/lib/jvm/java-8-oracle/db/bin:/usr/lib/jvm/java-8-oracle/jre/bin
SHELL=/bin/bash
DISPLAY=:0

Signal Handlers:
SIGSEGV: [libjvm.so+0xac78c0], sa_mask[0]=11111111011111111101111111111110, sa_flags=SA_RESTART|SA_SIGINFO
SIGBUS: [libjvm.so+0xac78c0], sa_mask[0]=11111111011111111101111111111110, sa_flags=SA_RESTART|SA_SIGINFO
SIGFPE: [libjvm.so+0x920ac0], sa_mask[0]=11111111011111111101111111111110, sa_flags=SA_RESTART|SA_SIGINFO
SIGPIPE: [libjvm.so+0x920ac0], sa_mask[0]=11111111011111111101111111111110, sa_flags=SA_RESTART|SA_SIGINFO
SIGXFSZ: [libjvm.so+0x920ac0], sa_mask[0]=11111111011111111101111111111110, sa_flags=SA_RESTART|SA_SIGINFO
SIGILL: [libjvm.so+0x920ac0], sa_mask[0]=11111111011111111101111111111110, sa_flags=SA_RESTART|SA_SIGINFO
SIGUSR1: SIG_DFL, sa_mask[0]=00000000000000000000000000000000, sa_flags=none
SIGUSR2: [libjvm.so+0x922300], sa_mask[0]=00000000000000000000000000000000, sa_flags=SA_RESTART|SA_SIGINFO
SIGHUP: [libjvm.so+0x923700], sa_mask[0]=11111111011111111101111111111110, sa_flags=SA_RESTART|SA_SIGINFO
SIGINT: [libjvm.so+0x923700], sa_mask[0]=11111111011111111101111111111110, sa_flags=SA_RESTART|SA_SIGINFO
SIGTERM: [libjvm.so+0x923700], sa_mask[0]=11111111011111111101111111111110, sa_flags=SA_RESTART|SA_SIGINFO
SIGQUIT: [libjvm.so+0x923700], sa_mask[0]=11111111011111111101111111111110, sa_flags=SA_RESTART|SA_SIGINFO


---------------  S Y S T E M  ---------------

OS:DISTRIB_ID=Ubuntu
DISTRIB_RELEASE=17.04
DISTRIB_CODENAME=zesty
DISTRIB_DESCRIPTION="Ubuntu 17.04"

uname:Linux 4.10.0-38-generic #42-Ubuntu SMP Tue Oct 10 13:24:27 UTC 2017 x86_64
libc:glibc 2.24 NPTL 2.24 
rlimit: STACK 8192k, CORE 0k, NPROC 23257, NOFILE 1048576, AS infinity
load average:0.78 0.90 0.96

/proc/meminfo:
MemTotal:        6000756 kB
MemFree:          624392 kB
MemAvailable:    1682008 kB
Buffers:          262536 kB
Cached:          1103400 kB
SwapCached:            0 kB
Active:          4082916 kB
Inactive:         987080 kB
Active(anon):    3196692 kB
Inactive(anon):   692208 kB
Active(file):     886224 kB
Inactive(file):   294872 kB
Unevictable:         104 kB
Mlocked:             104 kB
SwapTotal:       6181884 kB
SwapFree:        6175988 kB
Dirty:                48 kB
Writeback:             0 kB
AnonPages:       3595716 kB
Mapped:           529128 kB
Shmem:            184840 kB
Slab:             210536 kB
SReclaimable:     174008 kB
SUnreclaim:        36528 kB
KernelStack:       10112 kB
PageTables:        42560 kB
NFS_Unstable:          0 kB
Bounce:                0 kB
WritebackTmp:          0 kB
CommitLimit:     9182260 kB
Committed_AS:    7925940 kB
VmallocTotal:   34359738367 kB
VmallocUsed:           0 kB
VmallocChunk:          0 kB
HardwareCorrupted:     0 kB
AnonHugePages:   2039808 kB
ShmemHugePages:        0 kB
ShmemPmdMapped:        0 kB
CmaTotal:              0 kB
CmaFree:               0 kB
HugePages_Total:       0
HugePages_Free:        0
HugePages_Rsvd:        0
HugePages_Surp:        0
Hugepagesize:       2048 kB
DirectMap4k:      164260 kB
DirectMap2M:     6019072 kB


CPU:total 2 (2 cores per cpu, 1 threads per core) family 6 model 23 stepping 10, cmov, cx8, fxsr, mmx, sse, sse2, sse3, ssse3, sse4.1, tsc

/proc/cpuinfo:
processor	: 0
vendor_id	: GenuineIntel
cpu family	: 6
model		: 23
model name	: Intel(R) Core(TM)2 Duo CPU     P8600  @ 2.40GHz
stepping	: 10
microcode	: 0xa0b
cpu MHz		: 2401.000
cache size	: 3072 KB
physical id	: 0
siblings	: 2
core id		: 0
cpu cores	: 2
apicid		: 0
initial apicid	: 0
fpu		: yes
fpu_exception	: yes
cpuid level	: 13
wp		: yes
flags		: fpu vme de pse tsc msr pae mce cx8 apic sep mtrr pge mca cmov pat pse36 clflush dts acpi mmx fxsr sse sse2 ss ht tm pbe syscall nx lm constant_tsc arch_perfmon pebs bts nopl aperfmperf pni dtes64 monitor ds_cpl vmx smx est tm2 ssse3 cx16 xtpr pdcm sse4_1 xsave lahf_lm tpr_shadow vnmi flexpriority dtherm ida
bugs		:
bogomips	: 4788.17
clflush size	: 64
cache_alignment	: 64
address sizes	: 36 bits physical, 48 bits virtual
power management:

processor	: 1
vendor_id	: GenuineIntel
cpu family	: 6
model		: 23
model name	: Intel(R) Core(TM)2 Duo CPU     P8600  @ 2.40GHz
stepping	: 10
microcode	: 0xa0b
cpu MHz		: 800.000
cache size	: 3072 KB
physical id	: 0
siblings	: 2
core id		: 1
cpu cores	: 2
apicid		: 1
initial apicid	: 1
fpu		: yes
fpu_exception	: yes
cpuid level	: 13
wp		: yes
flags		: fpu vme de pse tsc msr pae mce cx8 apic sep mtrr pge mca cmov pat pse36 clflush dts acpi mmx fxsr sse sse2 ss ht tm pbe syscall nx lm constant_tsc arch_perfmon pebs bts nopl aperfmperf pni dtes64 monitor ds_cpl vmx smx est tm2 ssse3 cx16 xtpr pdcm sse4_1 xsave lahf_lm tpr_shadow vnmi flexpriority dtherm ida
bugs		:
bogomips	: 4788.17
clflush size	: 64
cache_alignment	: 64
address sizes	: 36 bits physical, 48 bits virtual
power management:



Memory: 4k page, physical 6000756k(624392k free), swap 6181884k(6175988k free)

vm_info: Java HotSpot(TM) 64-Bit Server VM (25.121-b13) for linux-amd64 JRE (1.8.0_121-b13), built on Dec 12 2016 16:36:53 by "java_re" with gcc 4.3.0 20080428 (Red Hat 4.3.0-8)

time: Mon Nov  6 21:36:26 2017
elapsed time: 37 seconds (0d 0h 0m 37s)

